16/01/2025 11:57:54	Dal.ProductImplementation.Create:	start create product

16/01/2025 11:57:54	Dal.ProductImplementation.Create:	end create product

16/01/2025 11:57:54	Dal.ProductImplementation.Create:	start create product

16/01/2025 11:57:54	Dal.ProductImplementation.Create:	end create product

16/01/2025 11:57:54	Dal.ProductImplementation.Create:	start create product

16/01/2025 11:57:54	Dal.ProductImplementation.Create:	end create product

16/01/2025 11:57:54	Dal.ProductImplementation.Create:	start create product

16/01/2025 11:57:54	Dal.ProductImplementation.Create:	end create product

16/01/2025 11:57:54	Dal.ProductImplementation.Create:	start create product

16/01/2025 11:57:54	Dal.ProductImplementation.Create:	end create product

16/01/2025 11:57:54	Dal.ProductImplementation.Create:	start create product

16/01/2025 11:57:54	Dal.ProductImplementation.Create:	end create product

16/01/2025 11:57:54	Dal.ProductImplementation.Create:	start create product

16/01/2025 11:57:54	Dal.ProductImplementation.Create:	end create product

16/01/2025 11:57:54	Dal.ProductImplementation.Create:	start create product

16/01/2025 11:57:54	Dal.ProductImplementation.Create:	end create product

16/01/2025 11:57:54	Dal.ProductImplementation.Create:	start create product

16/01/2025 11:57:54	Dal.ProductImplementation.Create:	end create product

16/01/2025 11:57:54	Dal.ProductImplementation.Create:	start create product

16/01/2025 11:57:54	Dal.ProductImplementation.Create:	end create product

16/01/2025 11:57:54	Dal.ProductImplementation.Create:	start create product

16/01/2025 11:57:54	Dal.ProductImplementation.Create:	end create product

16/01/2025 11:57:54	Dal.ProductImplementation.Create:	start create product

16/01/2025 11:57:54	Dal.ProductImplementation.Create:	end create product

16/01/2025 11:57:54	Dal.CustomerImplementation.Create:	start create customer

16/01/2025 11:57:54	Dal.CustomerImplementation.Create:	end create customer

16/01/2025 11:57:54	Dal.CustomerImplementation.Create:	start create customer

16/01/2025 11:57:54	Dal.CustomerImplementation.Create:	end create customer

16/01/2025 11:57:54	Dal.CustomerImplementation.Create:	start create customer

16/01/2025 11:57:54	Dal.CustomerImplementation.Create:	end create customer

16/01/2025 11:57:54	Dal.SaleImplementation.Create:	start create sale

16/01/2025 11:57:54	Dal.SaleImplementation.Create:	end create sale

16/01/2025 11:57:54	Dal.SaleImplementation.Create:	start create sale

16/01/2025 11:57:54	Dal.SaleImplementation.Create:	end create sale

16/01/2025 11:57:54	Dal.SaleImplementation.Create:	start create sale

16/01/2025 11:57:54	Dal.SaleImplementation.Create:	end create sale

16/01/2025 11:58:36	Dal.ProductImplementation.Create:	start create product

16/01/2025 11:58:36	Dal.ProductImplementation.Create:	end create product

16/01/2025 11:58:36	Dal.ProductImplementation.Create:	start create product

16/01/2025 11:58:36	Dal.ProductImplementation.Create:	end create product

16/01/2025 11:58:36	Dal.ProductImplementation.Create:	start create product

16/01/2025 11:58:36	Dal.ProductImplementation.Create:	end create product

16/01/2025 11:58:36	Dal.ProductImplementation.Create:	start create product

16/01/2025 11:58:36	Dal.ProductImplementation.Create:	end create product

16/01/2025 11:58:36	Dal.ProductImplementation.Create:	start create product

16/01/2025 11:58:36	Dal.ProductImplementation.Create:	end create product

16/01/2025 11:58:36	Dal.ProductImplementation.Create:	start create product

16/01/2025 11:58:36	Dal.ProductImplementation.Create:	end create product

16/01/2025 11:58:36	Dal.ProductImplementation.Create:	start create product

16/01/2025 11:58:36	Dal.ProductImplementation.Create:	end create product

16/01/2025 11:58:36	Dal.ProductImplementation.Create:	start create product

16/01/2025 11:58:36	Dal.ProductImplementation.Create:	end create product

16/01/2025 11:58:36	Dal.ProductImplementation.Create:	start create product

16/01/2025 11:58:36	Dal.ProductImplementation.Create:	end create product

16/01/2025 11:58:36	Dal.ProductImplementation.Create:	start create product

16/01/2025 11:58:36	Dal.ProductImplementation.Create:	end create product

16/01/2025 11:58:36	Dal.ProductImplementation.Create:	start create product

16/01/2025 11:58:36	Dal.ProductImplementation.Create:	end create product

16/01/2025 11:58:36	Dal.ProductImplementation.Create:	start create product

16/01/2025 11:58:36	Dal.ProductImplementation.Create:	end create product

16/01/2025 11:58:36	Dal.CustomerImplementation.Create:	start create customer

16/01/2025 11:58:36	Dal.CustomerImplementation.Create:	end create customer

16/01/2025 11:58:36	Dal.CustomerImplementation.Create:	start create customer

16/01/2025 11:58:36	Dal.CustomerImplementation.Create:	end create customer

16/01/2025 11:58:36	Dal.CustomerImplementation.Create:	start create customer

16/01/2025 11:58:36	Dal.CustomerImplementation.Create:	end create customer

16/01/2025 11:58:36	Dal.SaleImplementation.Create:	start create sale

16/01/2025 11:58:36	Dal.SaleImplementation.Create:	end create sale

16/01/2025 11:58:36	Dal.SaleImplementation.Create:	start create sale

16/01/2025 11:58:36	Dal.SaleImplementation.Create:	end create sale

16/01/2025 11:58:36	Dal.SaleImplementation.Create:	start create sale

16/01/2025 11:58:36	Dal.SaleImplementation.Create:	end create sale

16/01/2025 12:57:14	Dal.ProductImplementation.Create:	start create product

16/01/2025 12:57:14	Dal.ProductImplementation.Create:	end create product

16/01/2025 12:57:14	Dal.ProductImplementation.Create:	start create product

16/01/2025 12:57:14	Dal.ProductImplementation.Create:	end create product

16/01/2025 12:57:14	Dal.ProductImplementation.Create:	start create product

16/01/2025 12:57:14	Dal.ProductImplementation.Create:	end create product

16/01/2025 12:57:14	Dal.ProductImplementation.Create:	start create product

16/01/2025 12:57:14	Dal.ProductImplementation.Create:	end create product

16/01/2025 12:57:14	Dal.ProductImplementation.Create:	start create product

16/01/2025 12:57:14	Dal.ProductImplementation.Create:	end create product

16/01/2025 12:57:14	Dal.ProductImplementation.Create:	start create product

16/01/2025 12:57:14	Dal.ProductImplementation.Create:	end create product

16/01/2025 12:57:14	Dal.ProductImplementation.Create:	start create product

16/01/2025 12:57:14	Dal.ProductImplementation.Create:	end create product

16/01/2025 12:57:14	Dal.ProductImplementation.Create:	start create product

16/01/2025 12:57:14	Dal.ProductImplementation.Create:	end create product

16/01/2025 12:57:14	Dal.ProductImplementation.Create:	start create product

16/01/2025 12:57:14	Dal.ProductImplementation.Create:	end create product

16/01/2025 12:57:14	Dal.ProductImplementation.Create:	start create product

16/01/2025 12:57:14	Dal.ProductImplementation.Create:	end create product

16/01/2025 12:57:14	Dal.ProductImplementation.Create:	start create product

16/01/2025 12:57:14	Dal.ProductImplementation.Create:	end create product

16/01/2025 12:57:14	Dal.ProductImplementation.Create:	start create product

16/01/2025 12:57:14	Dal.ProductImplementation.Create:	end create product

16/01/2025 12:57:14	Dal.CustomerImplementation.Create:	start create customer

16/01/2025 12:57:14	Dal.CustomerImplementation.Create:	end create customer

16/01/2025 12:57:14	Dal.CustomerImplementation.Create:	start create customer

16/01/2025 12:57:14	Dal.CustomerImplementation.Create:	end create customer

16/01/2025 12:57:14	Dal.CustomerImplementation.Create:	start create customer

16/01/2025 12:57:14	Dal.CustomerImplementation.Create:	end create customer

16/01/2025 12:57:14	Dal.SaleImplementation.Create:	start create sale

16/01/2025 12:57:14	Dal.SaleImplementation.Create:	end create sale

16/01/2025 12:57:14	Dal.SaleImplementation.Create:	start create sale

16/01/2025 12:57:14	Dal.SaleImplementation.Create:	end create sale

16/01/2025 12:57:14	Dal.SaleImplementation.Create:	start create sale

16/01/2025 12:57:14	Dal.SaleImplementation.Create:	end create sale

16/01/2025 12:58:18	Dal.ProductImplementation.Create:	start create product

16/01/2025 12:58:18	Dal.ProductImplementation.Create:	end create product

16/01/2025 12:58:18	Dal.ProductImplementation.Create:	start create product

16/01/2025 12:58:18	Dal.ProductImplementation.Create:	end create product

16/01/2025 12:58:18	Dal.ProductImplementation.Create:	start create product

16/01/2025 12:58:18	Dal.ProductImplementation.Create:	end create product

16/01/2025 12:58:18	Dal.ProductImplementation.Create:	start create product

16/01/2025 12:58:18	Dal.ProductImplementation.Create:	end create product

16/01/2025 12:58:18	Dal.ProductImplementation.Create:	start create product

16/01/2025 12:58:18	Dal.ProductImplementation.Create:	end create product

16/01/2025 12:58:18	Dal.ProductImplementation.Create:	start create product

16/01/2025 12:58:18	Dal.ProductImplementation.Create:	end create product

16/01/2025 12:58:18	Dal.ProductImplementation.Create:	start create product

16/01/2025 12:58:18	Dal.ProductImplementation.Create:	end create product

16/01/2025 12:58:18	Dal.ProductImplementation.Create:	start create product

16/01/2025 12:58:18	Dal.ProductImplementation.Create:	end create product

16/01/2025 12:58:18	Dal.ProductImplementation.Create:	start create product

16/01/2025 12:58:18	Dal.ProductImplementation.Create:	end create product

16/01/2025 12:58:18	Dal.ProductImplementation.Create:	start create product

16/01/2025 12:58:18	Dal.ProductImplementation.Create:	end create product

16/01/2025 12:58:18	Dal.ProductImplementation.Create:	start create product

16/01/2025 12:58:18	Dal.ProductImplementation.Create:	end create product

16/01/2025 12:58:18	Dal.ProductImplementation.Create:	start create product

16/01/2025 12:58:18	Dal.ProductImplementation.Create:	end create product

16/01/2025 12:58:18	Dal.CustomerImplementation.Create:	start create customer

16/01/2025 12:58:18	Dal.CustomerImplementation.Create:	end create customer

16/01/2025 12:58:18	Dal.CustomerImplementation.Create:	start create customer

16/01/2025 12:58:18	Dal.CustomerImplementation.Create:	end create customer

16/01/2025 12:58:18	Dal.CustomerImplementation.Create:	start create customer

16/01/2025 12:58:18	Dal.CustomerImplementation.Create:	end create customer

16/01/2025 12:58:18	Dal.SaleImplementation.Create:	start create sale

16/01/2025 12:58:18	Dal.SaleImplementation.Create:	end create sale

16/01/2025 12:58:18	Dal.SaleImplementation.Create:	start create sale

16/01/2025 12:58:18	Dal.SaleImplementation.Create:	end create sale

16/01/2025 12:58:18	Dal.SaleImplementation.Create:	start create sale

16/01/2025 12:58:18	Dal.SaleImplementation.Create:	end create sale

