21/05/2025 13:07:29	Dal.SaleImplemention.ReadAll:	start readAll sale

21/05/2025 13:07:29	Dal.SaleImplemention.ReadAll:	end readAll sale

21/05/2025 13:09:05	Dal.SaleImplemention.ReadAll:	start readAll sale

21/05/2025 13:09:07	Dal.SaleImplemention.ReadAll:	end readAll sale

21/05/2025 13:10:22	Dal.SaleImplemention.ReadAll:	start readAll sale

21/05/2025 13:10:22	Dal.SaleImplemention.ReadAll:	end readAll sale

21/05/2025 13:10:26	Dal.SaleImplemention.ReadAll:	start readAll sale

21/05/2025 13:10:26	Dal.SaleImplemention.ReadAll:	end readAll sale

21/05/2025 13:10:33	Dal.SaleImplemention.ReadAll:	start readAll sale

21/05/2025 13:10:33	Dal.SaleImplemention.ReadAll:	end readAll sale

21/05/2025 13:10:36	Dal.SaleImplemention.ReadAll:	start readAll sale

21/05/2025 13:10:36	Dal.SaleImplemention.ReadAll:	end readAll sale

21/05/2025 13:10:46	Dal.SaleImplemention.ReadAll:	start readAll sale

21/05/2025 13:10:46	Dal.SaleImplemention.ReadAll:	end readAll sale

21/05/2025 13:11:02	Dal.SaleImplemention.ReadAll:	start readAll sale

21/05/2025 13:11:02	Dal.SaleImplemention.ReadAll:	end readAll sale

21/05/2025 13:12:24	Dal.SaleImplemention.ReadAll:	start readAll sale

21/05/2025 13:12:42	Dal.SaleImplemention.ReadAll:	end readAll sale

21/05/2025 13:14:13	Dal.SaleImplemention.ReadAll:	start readAll sale

21/05/2025 13:14:16	Dal.SaleImplemention.ReadAll:	end readAll sale

21/05/2025 13:20:06	Dal.SaleImplemention.ReadAll:	start readAll sale

21/05/2025 13:20:06	Dal.SaleImplemention.ReadAll:	end readAll sale

21/05/2025 13:20:13	Dal.SaleImplemention.Create:	start create sale

21/05/2025 13:20:13	Dal.SaleImplemention.Create:	end create sale

21/05/2025 13:20:13	Dal.SaleImplemention.ReadAll:	start readAll sale

21/05/2025 13:20:13	Dal.SaleImplemention.ReadAll:	end readAll sale

21/05/2025 13:20:27	Dal.SaleImplemention.Update:	start update sale

21/05/2025 13:20:27	Dal.SaleImplemention.Delete:	start delete sale

21/05/2025 13:20:27	Dal.SaleImplemention.Delete:	faild delete customer from xml

21/05/2025 13:21:20	Dal.SaleImplemention.ReadAll:	start readAll sale

21/05/2025 13:21:20	Dal.SaleImplemention.ReadAll:	end readAll sale

21/05/2025 13:22:20	Dal.SaleImplemention.ReadAll:	start readAll sale

21/05/2025 13:22:20	Dal.SaleImplemention.ReadAll:	end readAll sale

21/05/2025 13:23:54	Dal.SaleImplemention.ReadAll:	start readAll sale

21/05/2025 13:23:54	Dal.SaleImplemention.ReadAll:	end readAll sale

21/05/2025 13:24:04	Dal.SaleImplemention.Update:	start update sale

21/05/2025 13:24:04	Dal.SaleImplemention.Delete:	start delete sale

21/05/2025 13:24:04	Dal.SaleImplemention.Delete:	faild delete customer from xml

21/05/2025 13:24:13	Dal.SaleImplemention.ReadAll:	start readAll sale

21/05/2025 13:24:13	Dal.SaleImplemention.ReadAll:	end readAll sale

21/05/2025 13:24:20	Dal.SaleImplemention.Create:	start create sale

21/05/2025 13:24:20	Dal.SaleImplemention.Create:	end create sale

21/05/2025 13:24:20	Dal.SaleImplemention.ReadAll:	start readAll sale

21/05/2025 13:24:20	Dal.SaleImplemention.ReadAll:	end readAll sale

21/05/2025 13:24:36	Dal.SaleImplemention.Update:	start update sale

21/05/2025 13:24:36	Dal.SaleImplemention.Delete:	start delete sale

21/05/2025 13:25:46	Dal.SaleImplemention.ReadAll:	start readAll sale

21/05/2025 13:25:46	Dal.SaleImplemention.ReadAll:	end readAll sale

21/05/2025 13:26:59	Dal.SaleImplemention.Update:	start update sale

21/05/2025 13:26:59	Dal.SaleImplemention.Delete:	start delete sale

21/05/2025 13:27:10	Dal.SaleImplemention.Delete:	faild delete customer from xml

21/05/2025 13:27:18	Dal.SaleImplemention.ReadAll:	start readAll sale

21/05/2025 13:27:18	Dal.SaleImplemention.ReadAll:	end readAll sale

21/05/2025 13:27:46	Dal.SaleImplemention.Update:	start update sale

21/05/2025 13:27:46	Dal.SaleImplemention.Delete:	start delete sale

21/05/2025 13:28:10	Dal.SaleImplemention.ReadAll:	start readAll sale

21/05/2025 13:28:10	Dal.SaleImplemention.ReadAll:	end readAll sale

21/05/2025 13:28:50	Dal.SaleImplemention.Update:	start update sale

21/05/2025 13:28:56	Dal.SaleImplemention.Delete:	start delete sale

21/05/2025 13:30:09	Dal.SaleImplemention.ReadAll:	start readAll sale

21/05/2025 13:30:09	Dal.SaleImplemention.ReadAll:	end readAll sale

21/05/2025 13:30:40	Dal.SaleImplemention.Update:	start update sale

21/05/2025 13:30:40	Dal.SaleImplemention.Delete:	start delete sale

21/05/2025 13:30:40	Dal.SaleImplemention.Delete:	end delete sale

21/05/2025 13:30:40	Dal.SaleImplemention.Update:	end update sale

21/05/2025 13:30:46	Dal.SaleImplemention.ReadAll:	start readAll sale

21/05/2025 13:30:46	Dal.SaleImplemention.ReadAll:	end readAll sale

21/05/2025 13:34:52	Dal.SaleImplemention.ReadAll:	start readAll sale

21/05/2025 13:34:52	Dal.SaleImplemention.ReadAll:	end readAll sale

21/05/2025 13:35:14	Dal.CustomerImplementation.ReadAll:	start readall customer

21/05/2025 13:35:14	Dal.CustomerImplementation.ReadAll:	end readall customer

21/05/2025 13:35:20	Dal.CustomerImplementation.ReadAll:	start readall customer

21/05/2025 13:35:20	Dal.CustomerImplementation.ReadAll:	end readall customer

21/05/2025 13:36:04	Dal.SaleImplemention.Update:	start update sale

21/05/2025 13:36:12	Dal.SaleImplemention.Delete:	start delete sale

21/05/2025 13:36:18	Dal.SaleImplemention.Delete:	end delete sale

21/05/2025 13:36:26	Dal.SaleImplemention.Update:	end update sale

21/05/2025 13:36:46	Dal.SaleImplemention.ReadAll:	start readAll sale

21/05/2025 13:36:46	Dal.SaleImplemention.ReadAll:	end readAll sale

21/05/2025 13:37:59	Dal.SaleImplemention.Update:	start update sale

21/05/2025 13:37:59	Dal.SaleImplemention.Delete:	start delete sale

21/05/2025 13:39:07	Dal.SaleImplemention.ReadAll:	start readAll sale

21/05/2025 13:39:07	Dal.SaleImplemention.ReadAll:	end readAll sale

21/05/2025 13:39:58	Dal.SaleImplemention.Update:	start update sale

21/05/2025 13:40:02	Dal.SaleImplemention.Delete:	start delete sale

21/05/2025 13:40:54	Dal.CustomerImplementation.ReadAll:	start readall customer

21/05/2025 13:40:54	Dal.CustomerImplementation.ReadAll:	end readall customer

21/05/2025 13:40:58	Dal.SaleImplemention.ReadAll:	start readAll sale

21/05/2025 13:40:58	Dal.SaleImplemention.ReadAll:	end readAll sale

21/05/2025 13:41:25	Dal.SaleImplemention.Update:	start update sale

21/05/2025 13:41:25	Dal.SaleImplemention.Delete:	start delete sale

21/05/2025 13:41:25	Dal.SaleImplemention.Delete:	faild delete customer from xml

21/05/2025 13:41:46	Dal.SaleImplemention.ReadAll:	start readAll sale

21/05/2025 13:41:46	Dal.SaleImplemention.ReadAll:	end readAll sale

21/05/2025 13:42:14	DalTest.Program.Main:	System.TypeInitializationException: The type initializer for 'DalTest.Program' threw an exception.
 ---> DalApi.DalConfigException: Failed to load DalXml.dll package
 ---> System.IO.FileNotFoundException: Could not load file or assembly 'DalXml, Culture=neutral, PublicKeyToken=null'. The system cannot find the file specified.
File name: 'DalXml, Culture=neutral, PublicKeyToken=null'
   at System.Reflection.RuntimeAssembly.InternalLoad(AssemblyName assemblyName, StackCrawlMark& stackMark, AssemblyLoadContext assemblyLoadContext, RuntimeAssembly requestingAssembly, Boolean throwOnFileNotFound)
   at System.Reflection.Assembly.Load(String assemblyString)
   at DalApi.Factory.get_Get() in Z:\B\מנדל בתיה\C#\חדש\DotNet2025_9378_1478\DalFacade\DalApi\Factory.cs:line 15
   --- End of inner exception stack trace ---
   at DalApi.Factory.get_Get() in Z:\B\מנדל בתיה\C#\חדש\DotNet2025_9378_1478\DalFacade\DalApi\Factory.cs:line 19
   at DalTest.Program..cctor() in Z:\B\מנדל בתיה\C#\חדש\DotNet2025_9378_1478\DalTest\Program.cs:line 10
   --- End of inner exception stack trace ---
   at DalTest.Program.SaleSwitch() in Z:\B\מנדל בתיה\C#\חדש\DotNet2025_9378_1478\DalTest\Program.cs:line 312
   at DalTest.Program.MainSwitch(Int32 choose) in Z:\B\מנדל בתיה\C#\חדש\DotNet2025_9378_1478\DalTest\Program.cs:line 247
   at DalTest.Program.Main(String[] args) in Z:\B\מנדל בתיה\C#\חדש\DotNet2025_9378_1478\DalTest\Program.cs:line 332

21/05/2025 13:42:45	Dal.SaleImplemention.Update:	start update sale

21/05/2025 13:42:47	Dal.SaleImplemention.Delete:	start delete sale

21/05/2025 13:42:49	DalTest.Program.Main:	System.TypeInitializationException: The type initializer for 'DalTest.Program' threw an exception.
 ---> DalApi.DalConfigException: Failed to load DalXml.dll package
 ---> System.IO.FileNotFoundException: Could not load file or assembly 'DalXml, Culture=neutral, PublicKeyToken=null'. The system cannot find the file specified.
File name: 'DalXml, Culture=neutral, PublicKeyToken=null'
   at System.Reflection.RuntimeAssembly.InternalLoad(AssemblyName assemblyName, StackCrawlMark& stackMark, AssemblyLoadContext assemblyLoadContext, RuntimeAssembly requestingAssembly, Boolean throwOnFileNotFound)
   at System.Reflection.Assembly.Load(String assemblyString)
   at DalApi.Factory.get_Get() in Z:\B\מנדל בתיה\C#\חדש\DotNet2025_9378_1478\DalFacade\DalApi\Factory.cs:line 15
   --- End of inner exception stack trace ---
   at DalApi.Factory.get_Get() in Z:\B\מנדל בתיה\C#\חדש\DotNet2025_9378_1478\DalFacade\DalApi\Factory.cs:line 19
   at DalTest.Program..cctor() in Z:\B\מנדל בתיה\C#\חדש\DotNet2025_9378_1478\DalTest\Program.cs:line 10
   --- End of inner exception stack trace ---
   at DalTest.Program.SaleSwitch() in Z:\B\מנדל בתיה\C#\חדש\DotNet2025_9378_1478\DalTest\Program.cs:line 312
   at DalTest.Program.MainSwitch(Int32 choose) in Z:\B\מנדל בתיה\C#\חדש\DotNet2025_9378_1478\DalTest\Program.cs:line 247
   at DalTest.Program.Main(String[] args) in Z:\B\מנדל בתיה\C#\חדש\DotNet2025_9378_1478\DalTest\Program.cs:line 332

21/05/2025 13:43:48	Dal.SaleImplemention.ReadAll:	start readAll sale

21/05/2025 13:43:48	Dal.SaleImplemention.ReadAll:	end readAll sale

21/05/2025 13:44:36	Dal.SaleImplemention.Update:	start update sale

21/05/2025 13:44:47	Dal.SaleImplemention.Delete:	start delete sale

21/05/2025 13:45:16	Dal.SaleImplemention.Delete:	end delete sale

21/05/2025 13:45:21	Dal.SaleImplemention.Update:	end update sale

21/05/2025 13:45:40	Dal.SaleImplemention.ReadAll:	start readAll sale

21/05/2025 13:45:40	Dal.SaleImplemention.ReadAll:	end readAll sale

21/05/2025 13:46:36	Dal.SaleImplemention.ReadAll:	start readAll sale

21/05/2025 13:46:36	Dal.SaleImplemention.ReadAll:	end readAll sale

21/05/2025 13:47:23	Dal.SaleImplemention.ReadAll:	start readAll sale

21/05/2025 13:47:23	Dal.SaleImplemention.ReadAll:	end readAll sale

21/05/2025 13:47:32	Dal.SaleImplemention.Update:	start update sale

21/05/2025 13:47:32	Dal.SaleImplemention.Delete:	start delete sale

21/05/2025 13:47:32	Dal.SaleImplemention.Delete:	end delete sale

21/05/2025 13:47:32	Dal.SaleImplemention.Update:	end update sale

21/05/2025 13:47:32	Dal.SaleImplemention.ReadAll:	start readAll sale

21/05/2025 13:47:32	Dal.SaleImplemention.ReadAll:	end readAll sale

21/05/2025 13:49:14	Dal.SaleImplemention.ReadAll:	start readAll sale

21/05/2025 13:49:14	Dal.SaleImplemention.ReadAll:	end readAll sale

21/05/2025 13:51:26	Dal.SaleImplemention.ReadAll:	start readAll sale

21/05/2025 13:51:26	Dal.SaleImplemention.ReadAll:	end readAll sale

21/05/2025 13:51:31	Dal.SaleImplemention.Delete:	start delete sale

21/05/2025 13:51:31	Dal.SaleImplemention.Delete:	faild delete customer from xml

21/05/2025 13:51:39	Dal.SaleImplemention.Delete:	start delete sale

21/05/2025 13:51:39	Dal.SaleImplemention.Delete:	faild delete customer from xml

21/05/2025 13:51:42	Dal.SaleImplemention.Delete:	start delete sale

21/05/2025 13:51:42	Dal.SaleImplemention.Delete:	end delete sale

21/05/2025 13:51:42	Dal.SaleImplemention.ReadAll:	start readAll sale

21/05/2025 13:51:42	Dal.SaleImplemention.ReadAll:	end readAll sale

21/05/2025 13:52:12	Dal.SaleImplemention.ReadAll:	start readAll sale

21/05/2025 13:52:12	Dal.SaleImplemention.ReadAll:	end readAll sale

21/05/2025 13:52:19	Dal.SaleImplemention.Delete:	start delete sale

21/05/2025 13:52:19	Dal.SaleImplemention.Delete:	end delete sale

21/05/2025 13:52:19	Dal.SaleImplemention.ReadAll:	start readAll sale

21/05/2025 13:52:19	Dal.SaleImplemention.ReadAll:	end readAll sale

21/05/2025 13:55:31	Dal.SaleImplemention.ReadAll:	start readAll sale

21/05/2025 13:55:31	Dal.SaleImplemention.ReadAll:	end readAll sale

21/05/2025 13:55:38	Dal.SaleImplemention.Read:	start read sale

21/05/2025 13:55:38	Dal.SaleImplemention.Read:	end read sale

21/05/2025 14:03:59	Dal.SaleImplemention.ReadAll:	start readAll sale

21/05/2025 14:03:59	Dal.SaleImplemention.ReadAll:	end readAll sale

21/05/2025 14:04:06	Dal.SaleImplemention.Read:	start read sale

21/05/2025 14:04:06	Dal.SaleImplemention.Read:	end read sale

21/05/2025 14:05:19	Dal.SaleImplemention.ReadAll:	start readAll sale

21/05/2025 14:05:19	Dal.SaleImplemention.ReadAll:	end readAll sale

21/05/2025 14:05:29	Dal.SaleImplemention.Create:	start create sale

21/05/2025 14:05:29	Dal.SaleImplemention.Create:	end create sale

21/05/2025 14:05:29	Dal.SaleImplemention.ReadAll:	start readAll sale

21/05/2025 14:05:29	Dal.SaleImplemention.ReadAll:	end readAll sale

21/05/2025 14:06:25	Dal.CustomerImplementation.ReadAll:	start readall customer

21/05/2025 14:06:25	Dal.CustomerImplementation.ReadAll:	end readall customer

21/05/2025 14:06:34	Dal.CustomerImplementation.Create:	start create customer

21/05/2025 14:06:34	Dal.CustomerImplementation.Create:	end create customer

21/05/2025 14:06:34	Dal.CustomerImplementation.ReadAll:	start readall customer

21/05/2025 14:06:34	Dal.CustomerImplementation.ReadAll:	end readall customer

21/05/2025 14:06:48	Dal.CustomerImplementation.Update:	start update customer

21/05/2025 14:06:48	Dal.CustomerImplementation.Update:	end update customer

21/05/2025 14:06:48	Dal.CustomerImplementation.ReadAll:	start readall customer

21/05/2025 14:06:48	Dal.CustomerImplementation.ReadAll:	end readall customer

21/05/2025 14:06:49	Dal.CustomerImplementation.Update:	start update customer

21/05/2025 14:06:49	Dal.CustomerImplementation.Update:	end update customer

21/05/2025 14:06:49	Dal.CustomerImplementation.ReadAll:	start readall customer

21/05/2025 14:06:49	Dal.CustomerImplementation.ReadAll:	end readall customer

21/05/2025 14:06:50	Dal.CustomerImplementation.Update:	start update customer

21/05/2025 14:06:50	Dal.CustomerImplementation.Update:	end update customer

21/05/2025 14:06:50	Dal.CustomerImplementation.ReadAll:	start readall customer

21/05/2025 14:06:50	Dal.CustomerImplementation.ReadAll:	end readall customer

21/05/2025 14:06:55	Dal.CustomerImplementation.Delete:	start delete customer

21/05/2025 14:06:55	Dal.CustomerImplementation.Delete:	end delete customer

21/05/2025 14:06:55	Dal.CustomerImplementation.ReadAll:	start readall customer

21/05/2025 14:06:55	Dal.CustomerImplementation.ReadAll:	end readall customer

21/05/2025 14:07:15	Dal.CustomerImplementation.Update:	start update customer

21/05/2025 14:08:00	Dal.CustomerImplementation.ReadAll:	start readall customer

21/05/2025 14:08:00	Dal.CustomerImplementation.ReadAll:	end readall customer

21/05/2025 14:08:09	Dal.CustomerImplementation.Create:	start create customer

21/05/2025 14:08:09	Dal.CustomerImplementation.Create:	end create customer

21/05/2025 14:08:09	Dal.CustomerImplementation.ReadAll:	start readall customer

21/05/2025 14:08:09	Dal.CustomerImplementation.ReadAll:	end readall customer

21/05/2025 14:08:17	Dal.CustomerImplementation.Update:	start update customer

21/05/2025 14:08:17	Dal.CustomerImplementation.Update:	end update customer

21/05/2025 14:08:17	Dal.CustomerImplementation.ReadAll:	start readall customer

21/05/2025 14:08:17	Dal.CustomerImplementation.ReadAll:	end readall customer

21/05/2025 14:08:18	Dal.CustomerImplementation.Update:	start update customer

21/05/2025 14:08:18	Dal.CustomerImplementation.Update:	end update customer

21/05/2025 14:08:18	Dal.CustomerImplementation.ReadAll:	start readall customer

21/05/2025 14:08:18	Dal.CustomerImplementation.ReadAll:	end readall customer

21/05/2025 14:08:18	Dal.CustomerImplementation.Update:	start update customer

21/05/2025 14:08:18	Dal.CustomerImplementation.Update:	end update customer

21/05/2025 14:08:18	Dal.CustomerImplementation.ReadAll:	start readall customer

21/05/2025 14:08:18	Dal.CustomerImplementation.ReadAll:	end readall customer

21/05/2025 14:08:18	Dal.CustomerImplementation.Update:	start update customer

21/05/2025 14:08:18	Dal.CustomerImplementation.Update:	end update customer

21/05/2025 14:08:18	Dal.CustomerImplementation.ReadAll:	start readall customer

21/05/2025 14:08:18	Dal.CustomerImplementation.ReadAll:	end readall customer

21/05/2025 14:08:18	Dal.CustomerImplementation.Update:	start update customer

21/05/2025 14:08:18	Dal.CustomerImplementation.Update:	end update customer

21/05/2025 14:08:18	Dal.CustomerImplementation.ReadAll:	start readall customer

21/05/2025 14:08:18	Dal.CustomerImplementation.ReadAll:	end readall customer

21/05/2025 14:08:24	Dal.CustomerImplementation.Update:	start update customer

21/05/2025 14:08:24	Dal.CustomerImplementation.Update:	end update customer

21/05/2025 14:08:24	Dal.CustomerImplementation.ReadAll:	start readall customer

21/05/2025 14:08:24	Dal.CustomerImplementation.ReadAll:	end readall customer

21/05/2025 14:08:37	Dal.CustomerImplementation.Delete:	start delete customer

21/05/2025 14:08:37	Dal.CustomerImplementation.Delete:	end delete customer

21/05/2025 14:08:37	Dal.CustomerImplementation.ReadAll:	start readall customer

21/05/2025 14:08:37	Dal.CustomerImplementation.ReadAll:	end readall customer

21/05/2025 14:13:35	Dal.CustomerImplementation.ReadAll:	start readall customer

21/05/2025 14:13:35	Dal.CustomerImplementation.ReadAll:	end readall customer

21/05/2025 14:16:20	Dal.CustomerImplementation.ReadAll:	start readall customer

21/05/2025 14:16:20	Dal.CustomerImplementation.ReadAll:	end readall customer

21/05/2025 14:19:21	Dal.CustomerImplementation.ReadAll:	start readall customer

21/05/2025 14:19:21	Dal.CustomerImplementation.ReadAll:	end readall customer

21/05/2025 14:19:30	Dal.CustomerImplementation.Create:	start create customer

21/05/2025 14:19:30	Dal.CustomerImplementation.Create:	end create customer

21/05/2025 14:19:30	Dal.CustomerImplementation.ReadAll:	start readall customer

21/05/2025 14:19:30	Dal.CustomerImplementation.ReadAll:	end readall customer

21/05/2025 14:19:41	Dal.CustomerImplementation.Update:	start update customer

21/05/2025 14:19:41	Dal.CustomerImplementation.Update:	end update customer

21/05/2025 14:19:41	Dal.CustomerImplementation.ReadAll:	start readall customer

21/05/2025 14:19:41	Dal.CustomerImplementation.ReadAll:	end readall customer

21/05/2025 14:19:42	Dal.CustomerImplementation.Update:	start update customer

21/05/2025 14:19:42	Dal.CustomerImplementation.Update:	end update customer

21/05/2025 14:19:42	Dal.CustomerImplementation.ReadAll:	start readall customer

21/05/2025 14:19:42	Dal.CustomerImplementation.ReadAll:	end readall customer

21/05/2025 14:19:42	Dal.CustomerImplementation.Update:	start update customer

21/05/2025 14:19:42	Dal.CustomerImplementation.Update:	end update customer

21/05/2025 14:19:42	Dal.CustomerImplementation.ReadAll:	start readall customer

21/05/2025 14:19:42	Dal.CustomerImplementation.ReadAll:	end readall customer

21/05/2025 14:19:43	Dal.CustomerImplementation.Update:	start update customer

21/05/2025 14:19:43	Dal.CustomerImplementation.Update:	end update customer

21/05/2025 14:19:43	Dal.CustomerImplementation.ReadAll:	start readall customer

21/05/2025 14:19:43	Dal.CustomerImplementation.ReadAll:	end readall customer

21/05/2025 14:19:43	Dal.CustomerImplementation.Update:	start update customer

21/05/2025 14:19:43	Dal.CustomerImplementation.Update:	end update customer

21/05/2025 14:19:43	Dal.CustomerImplementation.ReadAll:	start readall customer

21/05/2025 14:19:43	Dal.CustomerImplementation.ReadAll:	end readall customer

21/05/2025 14:19:43	Dal.CustomerImplementation.Update:	start update customer

21/05/2025 14:19:43	Dal.CustomerImplementation.Update:	end update customer

21/05/2025 14:19:43	Dal.CustomerImplementation.ReadAll:	start readall customer

21/05/2025 14:19:43	Dal.CustomerImplementation.ReadAll:	end readall customer

21/05/2025 14:19:51	Dal.CustomerImplementation.Update:	start update customer

21/05/2025 14:19:51	Dal.CustomerImplementation.Update:	end update customer

21/05/2025 14:19:51	Dal.CustomerImplementation.ReadAll:	start readall customer

21/05/2025 14:19:51	Dal.CustomerImplementation.ReadAll:	end readall customer

21/05/2025 14:19:51	Dal.CustomerImplementation.Update:	start update customer

21/05/2025 14:19:51	Dal.CustomerImplementation.Update:	end update customer

21/05/2025 14:19:51	Dal.CustomerImplementation.ReadAll:	start readall customer

21/05/2025 14:19:51	Dal.CustomerImplementation.ReadAll:	end readall customer

21/05/2025 14:20:07	Dal.CustomerImplementation.Delete:	start delete customer

21/05/2025 14:20:07	Dal.CustomerImplementation.Delete:	end delete customer

21/05/2025 14:20:07	Dal.CustomerImplementation.ReadAll:	start readall customer

21/05/2025 14:20:07	Dal.CustomerImplementation.ReadAll:	end readall customer

21/05/2025 14:20:21	Dal.CustomerImplementation.ReadAll:	start readall customer

21/05/2025 14:20:21	Dal.CustomerImplementation.ReadAll:	end readall customer

21/05/2025 14:21:08	Dal.CustomerImplementation.ReadAll:	start readall customer

21/05/2025 14:21:08	Dal.CustomerImplementation.ReadAll:	end readall customer

21/05/2025 14:31:44	Dal.CustomerImplementation.ReadAll:	start readall customer

21/05/2025 14:31:44	Dal.CustomerImplementation.ReadAll:	end readall customer

21/05/2025 14:31:44	Dal.CustomerImplementation.Read:	start read customer

21/05/2025 14:31:44	Dal.CustomerImplementation.Read:	end read customer

21/05/2025 14:31:44	Dal.ProductImplemention.ReadAll:	start readall product

21/05/2025 14:31:44	Dal.ProductImplemention.ReadAll:	end readall product

21/05/2025 14:32:33	Dal.CustomerImplementation.ReadAll:	start readall customer

21/05/2025 14:32:33	Dal.CustomerImplementation.ReadAll:	end readall customer

21/05/2025 14:32:33	Dal.CustomerImplementation.Read:	start read customer

21/05/2025 14:32:33	Dal.CustomerImplementation.Read:	end read customer

21/05/2025 14:32:56	Dal.ProductImplemention.ReadAll:	start readall product

21/05/2025 14:32:59	Dal.ProductImplemention.ReadAll:	end readall product

21/05/2025 14:36:51	Dal.CustomerImplementation.ReadAll:	start readall customer

21/05/2025 14:36:51	Dal.CustomerImplementation.ReadAll:	end readall customer

21/05/2025 14:36:54	Dal.ProductImplemention.ReadAll:	start readall product

21/05/2025 14:36:54	Dal.ProductImplemention.ReadAll:	end readall product

21/05/2025 14:53:21	Dal.CustomerImplementation.ReadAll:	start readall customer

21/05/2025 14:53:21	Dal.CustomerImplementation.ReadAll:	end readall customer

21/05/2025 14:53:21	Dal.CustomerImplementation.Read:	start read customer

21/05/2025 14:53:21	Dal.CustomerImplementation.Read:	end read customer

21/05/2025 14:53:21	Dal.ProductImplemention.ReadAll:	start readall product

21/05/2025 14:53:21	Dal.ProductImplemention.ReadAll:	end readall product

21/05/2025 14:55:06	Dal.ProductImplemention.ReadAll:	start readall product

21/05/2025 14:55:06	Dal.ProductImplemention.ReadAll:	end readall product

21/05/2025 14:55:28	Dal.ProductImplemention.Create:	start create product

21/05/2025 14:55:28	Dal.ProductImplemention.Create:	end create product

21/05/2025 14:55:28	Dal.ProductImplemention.ReadAll:	start readall product

21/05/2025 14:55:28	Dal.ProductImplemention.ReadAll:	end readall product

21/05/2025 16:53:09	Dal.CustomerImplementation.ReadAll:	start readall customer

21/05/2025 16:53:09	Dal.CustomerImplementation.ReadAll:	end readall customer

21/05/2025 16:53:11	Dal.ProductImplemention.ReadAll:	start readall product

21/05/2025 16:53:11	Dal.ProductImplemention.ReadAll:	end readall product

21/05/2025 16:53:30	Dal.ProductImplemention.Create:	start create product

21/05/2025 16:53:30	Dal.ProductImplemention.Create:	end create product

21/05/2025 16:53:30	Dal.ProductImplemention.ReadAll:	start readall product

21/05/2025 16:53:30	Dal.ProductImplemention.ReadAll:	end readall product

21/05/2025 16:55:29	Dal.ProductImplemention.ReadAll:	start readall product

21/05/2025 16:55:29	Dal.ProductImplemention.ReadAll:	end readall product

21/05/2025 16:57:06	Dal.ProductImplemention.ReadAll:	start readall product

21/05/2025 16:57:21	Dal.ProductImplemention.ReadAll:	start readall product

21/05/2025 16:57:24	Dal.ProductImplemention.ReadAll:	end readall product

21/05/2025 16:58:47	Dal.ProductImplemention.ReadAll:	start readall product

21/05/2025 16:58:47	Dal.ProductImplemention.ReadAll:	end readall product

21/05/2025 16:58:53	Dal.ProductImplemention.ReadAll:	start readall product

21/05/2025 16:58:53	Dal.ProductImplemention.ReadAll:	end readall product

21/05/2025 16:59:16	Dal.ProductImplemention.ReadAll:	start readall product

21/05/2025 16:59:16	Dal.ProductImplemention.ReadAll:	end readall product

21/05/2025 17:00:37	Dal.ProductImplemention.ReadAll:	start readall product

21/05/2025 17:00:37	Dal.ProductImplemention.ReadAll:	end readall product

21/05/2025 17:01:33	Dal.SaleImplemention.ReadAll:	start readAll sale

21/05/2025 17:01:33	Dal.SaleImplemention.ReadAll:	end readAll sale

21/05/2025 17:01:35	Dal.CustomerImplementation.ReadAll:	start readall customer

21/05/2025 17:01:36	Dal.CustomerImplementation.ReadAll:	end readall customer

21/05/2025 17:01:38	Dal.ProductImplemention.ReadAll:	start readall product

21/05/2025 17:01:38	Dal.ProductImplemention.ReadAll:	end readall product

21/05/2025 17:20:49	Dal.ProductImplemention.ReadAll:	start readall product

21/05/2025 17:20:49	Dal.ProductImplemention.ReadAll:	end readall product

21/05/2025 17:21:03	Dal.ProductImplemention.Delete:	start delete product

21/05/2025 17:21:03	Dal.ProductImplemention.Read:	start read product

21/05/2025 17:21:03	Dal.ProductImplemention.Read:	end read product

21/05/2025 17:21:03	Dal.ProductImplemention.Delete:	start delete product

21/05/2025 17:21:03	Dal.ProductImplemention.ReadAll:	start readall product

21/05/2025 17:21:03	Dal.ProductImplemention.ReadAll:	end readall product

21/05/2025 17:21:29	Dal.ProductImplemention.Update:	start update product

21/05/2025 17:21:29	Dal.ProductImplemention.Update:	end update product

21/05/2025 17:21:29	Dal.ProductImplemention.ReadAll:	start readall product

21/05/2025 17:21:30	Dal.ProductImplemention.ReadAll:	end readall product

21/05/2025 17:22:01	Dal.ProductImplemention.Read:	start read product

21/05/2025 17:22:01	Dal.ProductImplemention.Read:	end read product

21/05/2025 17:22:08	Dal.ProductImplemention.Delete:	start delete product

21/05/2025 17:22:08	Dal.ProductImplemention.Read:	start read product

21/05/2025 17:22:08	Dal.ProductImplemention.Read:	end read product

21/05/2025 17:22:08	Dal.ProductImplemention.Delete:	start delete product

21/05/2025 17:22:08	Dal.ProductImplemention.ReadAll:	start readall product

21/05/2025 17:22:08	Dal.ProductImplemention.ReadAll:	end readall product

21/05/2025 17:22:15	Dal.ProductImplemention.Delete:	start delete product

21/05/2025 17:22:15	Dal.ProductImplemention.Read:	start read product

21/05/2025 17:22:15	Dal.ProductImplemention.Read:	barcode is not found

21/05/2025 17:22:15	Dal.ProductImplemention.Read:	barcode is not found

21/05/2025 17:22:35	Dal.ProductImplemention.Delete:	start delete product

21/05/2025 17:22:35	Dal.ProductImplemention.Read:	start read product

21/05/2025 17:22:35	Dal.ProductImplemention.Read:	barcode is not found

21/05/2025 17:22:35	Dal.ProductImplemention.Read:	barcode is not found

21/05/2025 17:22:44	Dal.SaleImplemention.ReadAll:	start readAll sale

21/05/2025 17:22:44	Dal.SaleImplemention.ReadAll:	end readAll sale

21/05/2025 17:23:05	Dal.SaleImplemention.Create:	start create sale

21/05/2025 17:23:05	Dal.SaleImplemention.Create:	end create sale

21/05/2025 17:23:05	Dal.SaleImplemention.ReadAll:	start readAll sale

21/05/2025 17:23:05	Dal.SaleImplemention.ReadAll:	end readAll sale

21/05/2025 17:23:17	Dal.SaleImplemention.Update:	start update sale

21/05/2025 17:23:17	Dal.SaleImplemention.Delete:	start delete sale

21/05/2025 17:23:17	Dal.SaleImplemention.Delete:	end delete sale

21/05/2025 17:23:17	Dal.SaleImplemention.Update:	end update sale

21/05/2025 17:23:17	Dal.SaleImplemention.ReadAll:	start readAll sale

21/05/2025 17:23:17	Dal.SaleImplemention.ReadAll:	end readAll sale

21/05/2025 17:23:23	Dal.SaleImplemention.Read:	start read sale

21/05/2025 17:23:23	Dal.SaleImplemention.Read:	end read sale

21/05/2025 17:23:30	Dal.SaleImplemention.Delete:	start delete sale

21/05/2025 17:23:30	Dal.SaleImplemention.Delete:	end delete sale

21/05/2025 17:23:30	Dal.SaleImplemention.ReadAll:	start readAll sale

21/05/2025 17:23:30	Dal.SaleImplemention.ReadAll:	end readAll sale

21/05/2025 17:23:35	Dal.SaleImplemention.Delete:	start delete sale

21/05/2025 17:23:35	Dal.SaleImplemention.Delete:	end delete sale

21/05/2025 17:23:35	Dal.SaleImplemention.ReadAll:	start readAll sale

21/05/2025 17:23:35	Dal.SaleImplemention.ReadAll:	end readAll sale

21/05/2025 17:27:34	Dal.CustomerImplementation.ReadAll:	start readall customer

21/05/2025 17:27:34	Dal.CustomerImplementation.ReadAll:	end readall customer

21/05/2025 17:27:34	Dal.ProductImplemention.ReadAll:	start readall product

21/05/2025 17:27:34	Dal.ProductImplemention.ReadAll:	end readall product

21/05/2025 17:27:44	Dal.CustomerImplementation.ReadAll:	start readall customer

21/05/2025 17:27:44	Dal.CustomerImplementation.ReadAll:	end readall customer

21/05/2025 17:27:44	Dal.CustomerImplementation.Read:	start read customer

21/05/2025 17:27:44	Dal.CustomerImplementation.Read:	end read customer

21/05/2025 17:27:44	Dal.ProductImplemention.ReadAll:	start readall product

21/05/2025 17:27:44	Dal.ProductImplemention.ReadAll:	end readall product

21/05/2025 17:41:52	Dal.CustomerImplementation.ReadAll:	start readall customer

21/05/2025 17:41:52	Dal.CustomerImplementation.ReadAll:	end readall customer

21/05/2025 17:41:59	Dal.ProductImplemention.ReadAll:	start readall product

21/05/2025 17:42:02	Dal.ProductImplemention.ReadAll:	end readall product

21/05/2025 17:45:01	Dal.CustomerImplementation.ReadAll:	start readall customer

21/05/2025 17:45:01	Dal.CustomerImplementation.ReadAll:	end readall customer

21/05/2025 17:45:01	Dal.ProductImplemention.ReadAll:	start readall product

21/05/2025 17:45:01	Dal.ProductImplemention.ReadAll:	end readall product

21/05/2025 17:45:28	Dal.CustomerImplementation.ReadAll:	start readall customer

21/05/2025 17:45:28	Dal.CustomerImplementation.ReadAll:	end readall customer

21/05/2025 17:45:28	Dal.ProductImplemention.ReadAll:	start readall product

21/05/2025 17:45:28	Dal.ProductImplemention.ReadAll:	end readall product

21/05/2025 17:46:21	Dal.CustomerImplementation.ReadAll:	start readall customer

21/05/2025 17:46:21	Dal.CustomerImplementation.ReadAll:	end readall customer

21/05/2025 17:46:21	Dal.ProductImplemention.ReadAll:	start readall product

21/05/2025 17:46:21	Dal.ProductImplemention.ReadAll:	end readall product

21/05/2025 17:47:17	Dal.CustomerImplementation.ReadAll:	start readall customer

21/05/2025 17:47:17	Dal.CustomerImplementation.ReadAll:	end readall customer

21/05/2025 17:47:17	Dal.ProductImplemention.ReadAll:	start readall product

21/05/2025 17:47:17	Dal.ProductImplemention.ReadAll:	end readall product

21/05/2025 17:52:21	Dal.CustomerImplementation.ReadAll:	start readall customer

21/05/2025 17:52:21	Dal.CustomerImplementation.ReadAll:	end readall customer

21/05/2025 17:52:21	Dal.ProductImplemention.ReadAll:	start readall product

21/05/2025 17:52:21	Dal.ProductImplemention.ReadAll:	end readall product

21/05/2025 17:52:46	Dal.CustomerImplementation.ReadAll:	start readall customer

21/05/2025 17:52:46	Dal.CustomerImplementation.ReadAll:	end readall customer

21/05/2025 17:52:46	Dal.ProductImplemention.ReadAll:	start readall product

21/05/2025 17:52:46	Dal.ProductImplemention.ReadAll:	end readall product

21/05/2025 17:54:09	Dal.CustomerImplementation.ReadAll:	start readall customer

21/05/2025 17:54:09	Dal.CustomerImplementation.ReadAll:	end readall customer

21/05/2025 17:54:09	Dal.ProductImplemention.ReadAll:	start readall product

21/05/2025 17:54:09	Dal.ProductImplemention.ReadAll:	end readall product

21/05/2025 17:59:54	Dal.CustomerImplementation.ReadAll:	start readall customer

21/05/2025 17:59:54	Dal.CustomerImplementation.ReadAll:	end readall customer

21/05/2025 17:59:54	Dal.ProductImplemention.ReadAll:	start readall product

21/05/2025 17:59:55	Dal.ProductImplemention.ReadAll:	Object reference not set to an instance of an object.

21/05/2025 18:00:27	Dal.CustomerImplementation.ReadAll:	start readall customer

21/05/2025 18:00:27	Dal.CustomerImplementation.ReadAll:	end readall customer

21/05/2025 18:00:55	Dal.CustomerImplementation.ReadAll:	start readall customer

21/05/2025 18:00:55	Dal.CustomerImplementation.ReadAll:	end readall customer

21/05/2025 18:01:11	Dal.CustomerImplementation.ReadAll:	start readall customer

21/05/2025 18:01:11	Dal.CustomerImplementation.ReadAll:	end readall customer

21/05/2025 18:01:11	Dal.ProductImplemention.ReadAll:	start readall product

21/05/2025 18:02:00	Dal.CustomerImplementation.ReadAll:	start readall customer

21/05/2025 18:02:00	Dal.CustomerImplementation.ReadAll:	end readall customer

21/05/2025 18:02:00	Dal.ProductImplemention.ReadAll:	start readall product

21/05/2025 18:02:17	Dal.CustomerImplementation.ReadAll:	start readall customer

21/05/2025 18:02:17	Dal.CustomerImplementation.ReadAll:	end readall customer

21/05/2025 18:03:10	Dal.ProductImplemention.ReadAll:	start readall product

21/05/2025 18:04:55	Dal.CustomerImplementation.ReadAll:	start readall customer

21/05/2025 18:04:55	Dal.CustomerImplementation.ReadAll:	end readall customer

21/05/2025 18:04:55	Dal.ProductImplemention.ReadAll:	start readall product

21/05/2025 18:04:55	Dal.ProductImplemention.ReadAll:	Object reference not set to an instance of an object.

21/05/2025 18:05:18	Dal.CustomerImplementation.ReadAll:	start readall customer

21/05/2025 18:05:18	Dal.CustomerImplementation.ReadAll:	end readall customer

21/05/2025 18:05:18	Dal.ProductImplemention.ReadAll:	start readall product

21/05/2025 18:06:06	Dal.CustomerImplementation.ReadAll:	start readall customer

21/05/2025 18:06:06	Dal.CustomerImplementation.ReadAll:	end readall customer

21/05/2025 18:06:06	Dal.ProductImplemention.ReadAll:	start readall product

21/05/2025 18:07:56	Dal.CustomerImplementation.ReadAll:	start readall customer

21/05/2025 18:07:56	Dal.CustomerImplementation.ReadAll:	end readall customer

21/05/2025 18:07:56	Dal.ProductImplemention.ReadAll:	start readall product

21/05/2025 18:07:56	Dal.ProductImplemention.ReadAll:	Object reference not set to an instance of an object.

21/05/2025 19:21:48	Dal.CustomerImplementation.ReadAll:	start readall customer

21/05/2025 19:21:48	Dal.CustomerImplementation.ReadAll:	end readall customer

21/05/2025 19:22:40	Dal.ProductImplemention.ReadAll:	start readall product

21/05/2025 19:22:40	Dal.ProductImplemention.ReadAll:	Object reference not set to an instance of an object.

21/05/2025 19:23:47	Dal.ProductImplemention.ReadAll:	start readall product

21/05/2025 19:23:47	Dal.ProductImplemention.ReadAll:	Object reference not set to an instance of an object.

21/05/2025 19:23:59	Dal.SaleImplemention.ReadAll:	start readAll sale

21/05/2025 19:23:59	Dal.SaleImplemention.ReadAll:	end readAll sale

21/05/2025 19:24:03	Dal.CustomerImplementation.ReadAll:	start readall customer

21/05/2025 19:24:03	Dal.CustomerImplementation.ReadAll:	end readall customer

21/05/2025 19:25:03	Dal.ProductImplemention.ReadAll:	start readall product

21/05/2025 19:45:41	Dal.ProductImplemention.ReadAll:	start readall product

21/05/2025 19:45:41	Dal.ProductImplemention.ReadAll:	end readall product

21/05/2025 19:46:12	Dal.ProductImplemention.Update:	start update product

21/05/2025 19:46:12	Dal.ProductImplemention.Update:	Sequence contains no matching element

21/05/2025 19:47:51	Dal.ProductImplemention.ReadAll:	start readall product

21/05/2025 19:47:51	Dal.ProductImplemention.ReadAll:	end readall product

21/05/2025 19:48:12	Dal.ProductImplemention.Update:	start update product

21/05/2025 19:48:12	Dal.ProductImplemention.Update:	Sequence contains no matching element

21/05/2025 19:48:50	Dal.ProductImplemention.ReadAll:	start readall product

21/05/2025 19:48:50	Dal.ProductImplemention.ReadAll:	end readall product

21/05/2025 19:49:02	Dal.ProductImplemention.Create:	start create product

21/05/2025 19:49:02	Dal.ProductImplemention.Create:	end create product

21/05/2025 19:49:02	Dal.ProductImplemention.ReadAll:	start readall product

21/05/2025 19:49:02	Dal.ProductImplemention.ReadAll:	end readall product

21/05/2025 19:49:24	Dal.ProductImplemention.Update:	start update product

21/05/2025 19:49:24	Dal.ProductImplemention.Update:	Sequence contains no matching element

21/05/2025 19:49:40	Dal.ProductImplemention.Update:	start update product

21/05/2025 19:49:40	Dal.ProductImplemention.Update:	Sequence contains no matching element

21/05/2025 19:51:03	Dal.ProductImplemention.Update:	start update product

21/05/2025 19:51:03	Dal.ProductImplemention.Update:	Sequence contains no matching element

21/05/2025 19:55:19	Dal.SaleImplemention.ReadAll:	start readAll sale

21/05/2025 19:55:19	Dal.SaleImplemention.ReadAll:	end readAll sale

21/05/2025 19:57:47	Dal.ProductImplemention.ReadAll:	start readall product

21/05/2025 19:58:12	Dal.ProductImplemention.ReadAll:	end readall product

21/05/2025 20:00:00	Dal.ProductImplemention.Update:	start update product

21/05/2025 20:00:09	Dal.ProductImplemention.Update:	end update product

21/05/2025 20:00:11	Dal.ProductImplemention.ReadAll:	start readall product

21/05/2025 20:00:12	Dal.ProductImplemention.ReadAll:	end readall product

21/05/2025 20:00:31	Dal.ProductImplemention.Update:	start update product

21/05/2025 20:01:33	Dal.ProductImplemention.ReadAll:	start readall product

21/05/2025 20:01:33	Dal.ProductImplemention.ReadAll:	end readall product

21/05/2025 20:01:48	Dal.ProductImplemention.Update:	start update product

21/05/2025 20:01:48	Dal.ProductImplemention.Update:	product is no fuond

21/05/2025 20:01:48	Dal.ProductImplemention.Update:	product is no fuond

21/05/2025 20:03:37	Dal.ProductImplemention.ReadAll:	start readall product

21/05/2025 20:03:59	Dal.ProductImplemention.ReadAll:	start readall product

21/05/2025 20:03:59	Dal.ProductImplemention.ReadAll:	end readall product

21/05/2025 20:05:00	Dal.ProductImplemention.Update:	start update product

21/05/2025 20:06:05	Dal.ProductImplemention.Update:	product is no fuond

21/05/2025 20:07:03	Dal.ProductImplemention.ReadAll:	start readall product

21/05/2025 20:07:04	Dal.ProductImplemention.ReadAll:	end readall product

21/05/2025 20:07:32	Dal.ProductImplemention.Update:	start update product

21/05/2025 20:07:32	Dal.ProductImplemention.Update:	product is no fuond

21/05/2025 20:15:05	Dal.ProductImplemention.ReadAll:	start readall product

21/05/2025 20:15:05	Dal.ProductImplemention.ReadAll:	end readall product

21/05/2025 20:15:20	Dal.ProductImplemention.Update:	start update product

21/05/2025 20:15:20	Dal.ProductImplemention.Update:	product is no fuond

21/05/2025 20:38:40	Dal.ProductImplemention.ReadAll:	start readall product

21/05/2025 20:38:40	Dal.ProductImplemention.ReadAll:	end readall product

21/05/2025 20:39:14	Dal.ProductImplemention.ReadAll:	start readall product

21/05/2025 20:39:14	Dal.ProductImplemention.ReadAll:	end readall product

21/05/2025 20:40:31	Dal.ProductImplemention.ReadAll:	start readall product

21/05/2025 20:40:31	Dal.ProductImplemention.ReadAll:	end readall product

21/05/2025 20:41:00	Dal.ProductImplemention.Delete:	start delete product

21/05/2025 20:41:00	Dal.ProductImplemention.Read:	start read product

21/05/2025 20:41:00	Dal.ProductImplemention.Read:	barcode is not found

21/05/2025 20:41:29	Dal.ProductImplemention.Update:	start update product

21/05/2025 20:41:29	Dal.ProductImplemention.Update:	product is no fuond

21/05/2025 20:41:36	Dal.ProductImplemention.Read:	start read product

21/05/2025 20:41:36	Dal.ProductImplemention.Read:	barcode is not found

21/05/2025 20:52:15	Dal.ProductImplemention.ReadAll:	start readall product

21/05/2025 20:52:15	Dal.ProductImplemention.ReadAll:	end readall product

21/05/2025 20:52:21	Dal.CustomerImplementation.ReadAll:	start readall customer

21/05/2025 20:52:21	Dal.CustomerImplementation.ReadAll:	end readall customer

21/05/2025 20:52:52	Dal.CustomerImplementation.Create:	start create customer

21/05/2025 20:52:52	Dal.CustomerImplementation.Create:	end create customer

21/05/2025 20:52:52	Dal.CustomerImplementation.ReadAll:	start readall customer

21/05/2025 20:52:52	Dal.CustomerImplementation.ReadAll:	end readall customer

21/05/2025 21:01:55	Dal.ProductImplemention.ReadAll:	start readall product

21/05/2025 21:01:55	Dal.ProductImplemention.ReadAll:	end readall product

21/05/2025 21:01:58	Dal.CustomerImplementation.ReadAll:	start readall customer

21/05/2025 21:01:58	Dal.CustomerImplementation.ReadAll:	end readall customer

21/05/2025 21:02:18	Dal.CustomerImplementation.ReadAll:	start readall customer

21/05/2025 21:02:18	Dal.CustomerImplementation.ReadAll:	end readall customer

21/05/2025 21:30:28	Dal.SaleImplemention.ReadAll:	start readAll sale

21/05/2025 21:30:28	Dal.SaleImplemention.ReadAll:	end readAll sale

21/05/2025 21:31:19	Dal.SaleImplemention.Create:	start create sale

21/05/2025 21:31:19	Dal.SaleImplemention.Create:	end create sale

21/05/2025 21:31:19	Dal.SaleImplemention.ReadAll:	start readAll sale

21/05/2025 21:31:19	Dal.SaleImplemention.ReadAll:	end readAll sale

21/05/2025 21:40:28	Dal.SaleImplemention.ReadAll:	start readAll sale

21/05/2025 21:40:29	Dal.SaleImplemention.ReadAll:	end readAll sale

21/05/2025 21:42:24	Dal.SaleImplemention.ReadAll:	start readAll sale

21/05/2025 21:42:24	Dal.SaleImplemention.ReadAll:	end readAll sale

21/05/2025 21:42:35	Dal.SaleImplemention.Delete:	start delete sale

21/05/2025 21:42:35	Dal.SaleImplemention.Delete:	faild delete customer from xml

21/05/2025 22:10:22	Dal.CustomerImplementation.ReadAll:	start readall customer

21/05/2025 22:10:22	Dal.CustomerImplementation.ReadAll:	end readall customer

21/05/2025 22:10:29	Dal.CustomerImplementation.ReadAll:	start readall customer

21/05/2025 22:10:29	Dal.CustomerImplementation.ReadAll:	end readall customer

21/05/2025 22:12:01	Dal.CustomerImplementation.ReadAll:	start readall customer

21/05/2025 22:12:01	Dal.CustomerImplementation.ReadAll:	end readall customer

21/05/2025 22:12:39	Dal.CustomerImplementation.ReadAll:	start readall customer

21/05/2025 22:12:45	Dal.CustomerImplementation.ReadAll:	end readall customer

21/05/2025 22:19:27	Dal.SaleImplemention.ReadAll:	start readAll sale

21/05/2025 22:19:27	Dal.SaleImplemention.ReadAll:	end readAll sale

21/05/2025 22:21:11	Dal.SaleImplemention.ReadAll:	start readAll sale

21/05/2025 22:21:11	Dal.SaleImplemention.ReadAll:	end readAll sale

21/05/2025 22:21:15	Dal.CustomerImplementation.ReadAll:	start readall customer

21/05/2025 22:21:15	Dal.CustomerImplementation.ReadAll:	end readall customer

21/05/2025 22:21:22	Dal.CustomerImplementation.ReadAll:	start readall customer

21/05/2025 22:21:22	Dal.CustomerImplementation.ReadAll:	end readall customer

21/05/2025 22:21:29	Dal.CustomerImplementation.ReadAll:	start readall customer

21/05/2025 22:21:29	Dal.CustomerImplementation.ReadAll:	end readall customer

21/05/2025 22:29:35	Dal.SaleImplemention.ReadAll:	start readAll sale

21/05/2025 22:29:35	Dal.SaleImplemention.ReadAll:	end readAll sale

21/05/2025 22:29:39	Dal.SaleImplemention.ReadAll:	start readAll sale

21/05/2025 22:29:39	Dal.SaleImplemention.ReadAll:	end readAll sale

21/05/2025 22:29:42	Dal.SaleImplemention.ReadAll:	start readAll sale

21/05/2025 22:29:42	Dal.SaleImplemention.ReadAll:	end readAll sale

21/05/2025 22:30:08	Dal.SaleImplemention.ReadAll:	start readAll sale

21/05/2025 22:30:08	Dal.SaleImplemention.ReadAll:	end readAll sale

21/05/2025 22:34:23	Dal.SaleImplemention.ReadAll:	start readAll sale

21/05/2025 22:34:23	Dal.SaleImplemention.ReadAll:	end readAll sale

21/05/2025 22:34:26	Dal.SaleImplemention.ReadAll:	start readAll sale

21/05/2025 22:34:26	Dal.SaleImplemention.ReadAll:	end readAll sale

21/05/2025 22:34:28	Dal.SaleImplemention.ReadAll:	start readAll sale

21/05/2025 22:34:28	Dal.SaleImplemention.ReadAll:	end readAll sale

21/05/2025 22:34:29	Dal.SaleImplemention.ReadAll:	start readAll sale

21/05/2025 22:34:29	Dal.SaleImplemention.ReadAll:	end readAll sale

21/05/2025 22:34:36	Dal.SaleImplemention.ReadAll:	start readAll sale

21/05/2025 22:34:36	Dal.SaleImplemention.ReadAll:	end readAll sale

21/05/2025 22:34:42	Dal.SaleImplemention.ReadAll:	start readAll sale

21/05/2025 22:34:42	Dal.SaleImplemention.ReadAll:	end readAll sale

21/05/2025 22:34:44	Dal.SaleImplemention.ReadAll:	start readAll sale

21/05/2025 22:34:44	Dal.SaleImplemention.ReadAll:	end readAll sale

21/05/2025 22:34:49	Dal.SaleImplemention.ReadAll:	start readAll sale

21/05/2025 22:34:49	Dal.SaleImplemention.ReadAll:	end readAll sale

21/05/2025 22:34:53	Dal.SaleImplemention.ReadAll:	start readAll sale

21/05/2025 22:34:53	Dal.SaleImplemention.ReadAll:	end readAll sale

