22/05/2025 11:40:54	Dal.ProductImplemention.ReadAll:	start readall product

22/05/2025 11:40:54	Dal.ProductImplemention.ReadAll:	end readall product

22/05/2025 11:41:26	Dal.SaleImplemention.ReadAll:	start readAll sale

22/05/2025 11:41:26	Dal.SaleImplemention.ReadAll:	end readAll sale

22/05/2025 11:41:32	Dal.CustomerImplementation.ReadAll:	start readall customer

22/05/2025 11:41:32	Dal.CustomerImplementation.ReadAll:	end readall customer

22/05/2025 11:54:09	Dal.ProductImplemention.ReadAll:	start readall product

22/05/2025 11:54:09	Dal.ProductImplemention.ReadAll:	end readall product

22/05/2025 11:54:14	Dal.ProductImplemention.ReadAll:	start readall product

22/05/2025 11:54:14	Dal.ProductImplemention.ReadAll:	end readall product

22/05/2025 11:54:48	Dal.ProductImplemention.ReadAll:	start readall product

22/05/2025 11:54:49	Dal.ProductImplemention.ReadAll:	end readall product

22/05/2025 11:55:35	Dal.ProductImplemention.ReadAll:	start readall product

22/05/2025 11:55:42	Dal.ProductImplemention.ReadAll:	end readall product

22/05/2025 11:59:21	Dal.ProductImplemention.ReadAll:	start readall product

22/05/2025 11:59:21	Dal.ProductImplemention.ReadAll:	end readall product

22/05/2025 11:59:31	Dal.ProductImplemention.ReadAll:	start readall product

22/05/2025 11:59:31	Dal.ProductImplemention.ReadAll:	end readall product

22/05/2025 11:59:43	Dal.ProductImplemention.ReadAll:	start readall product

22/05/2025 11:59:43	Dal.ProductImplemention.ReadAll:	end readall product

22/05/2025 11:59:43	Dal.ProductImplemention.ReadAll:	start readall product

22/05/2025 11:59:43	Dal.ProductImplemention.ReadAll:	end readall product

22/05/2025 11:59:51	Dal.SaleImplemention.ReadAll:	start readAll sale

22/05/2025 11:59:51	Dal.SaleImplemention.ReadAll:	end readAll sale

22/05/2025 11:59:54	Dal.SaleImplemention.ReadAll:	start readAll sale

22/05/2025 11:59:54	Dal.SaleImplemention.ReadAll:	end readAll sale

22/05/2025 11:59:55	Dal.SaleImplemention.ReadAll:	start readAll sale

22/05/2025 11:59:55	Dal.SaleImplemention.ReadAll:	end readAll sale

22/05/2025 11:59:59	Dal.CustomerImplementation.ReadAll:	start readall customer

22/05/2025 11:59:59	Dal.CustomerImplementation.ReadAll:	end readall customer

22/05/2025 12:00:04	Dal.CustomerImplementation.ReadAll:	start readall customer

22/05/2025 12:00:04	Dal.CustomerImplementation.ReadAll:	end readall customer

22/05/2025 12:00:07	Dal.CustomerImplementation.ReadAll:	start readall customer

22/05/2025 12:00:07	Dal.CustomerImplementation.ReadAll:	end readall customer

22/05/2025 12:00:11	Dal.CustomerImplementation.ReadAll:	start readall customer

22/05/2025 12:00:11	Dal.CustomerImplementation.ReadAll:	end readall customer

22/05/2025 12:00:15	Dal.CustomerImplementation.ReadAll:	start readall customer

22/05/2025 12:00:15	Dal.CustomerImplementation.ReadAll:	end readall customer

22/05/2025 12:00:49	Dal.ProductImplemention.ReadAll:	start readall product

22/05/2025 12:00:49	Dal.ProductImplemention.ReadAll:	end readall product

22/05/2025 12:00:53	Dal.ProductImplemention.ReadAll:	start readall product

22/05/2025 12:00:53	Dal.ProductImplemention.ReadAll:	end readall product

22/05/2025 12:00:58	Dal.ProductImplemention.ReadAll:	start readall product

22/05/2025 12:00:58	Dal.ProductImplemention.ReadAll:	end readall product

22/05/2025 12:00:58	Dal.ProductImplemention.ReadAll:	start readall product

22/05/2025 12:00:58	Dal.ProductImplemention.ReadAll:	end readall product

22/05/2025 12:02:13	Dal.ProductImplemention.ReadAll:	start readall product

22/05/2025 12:02:13	Dal.ProductImplemention.ReadAll:	end readall product

22/05/2025 12:02:18	Dal.ProductImplemention.ReadAll:	start readall product

22/05/2025 12:02:18	Dal.ProductImplemention.ReadAll:	end readall product

22/05/2025 12:02:23	Dal.ProductImplemention.ReadAll:	start readall product

22/05/2025 12:02:23	Dal.ProductImplemention.ReadAll:	end readall product

22/05/2025 12:02:23	Dal.ProductImplemention.ReadAll:	start readall product

22/05/2025 12:02:23	Dal.ProductImplemention.ReadAll:	end readall product

22/05/2025 12:02:54	Dal.ProductImplemention.ReadAll:	start readall product

22/05/2025 12:02:54	Dal.ProductImplemention.ReadAll:	end readall product

22/05/2025 12:02:58	Dal.ProductImplemention.ReadAll:	start readall product

22/05/2025 12:02:58	Dal.ProductImplemention.ReadAll:	end readall product

22/05/2025 12:03:03	Dal.ProductImplemention.ReadAll:	start readall product

22/05/2025 12:03:03	Dal.ProductImplemention.ReadAll:	end readall product

22/05/2025 12:03:03	Dal.ProductImplemention.ReadAll:	start readall product

22/05/2025 12:03:03	Dal.ProductImplemention.ReadAll:	end readall product

22/05/2025 12:03:45	Dal.ProductImplemention.ReadAll:	start readall product

22/05/2025 12:03:45	Dal.ProductImplemention.ReadAll:	end readall product

22/05/2025 12:03:49	Dal.ProductImplemention.ReadAll:	start readall product

22/05/2025 12:03:49	Dal.ProductImplemention.ReadAll:	end readall product

22/05/2025 12:03:57	Dal.ProductImplemention.ReadAll:	start readall product

22/05/2025 12:03:57	Dal.ProductImplemention.ReadAll:	end readall product

22/05/2025 13:35:12	Dal.CustomerImplementation.ReadAll:	start readall customer

22/05/2025 13:35:12	Dal.CustomerImplementation.ReadAll:	end readall customer

22/05/2025 13:35:12	Dal.ProductImplemention.ReadAll:	start readall product

22/05/2025 13:35:12	Dal.ProductImplemention.ReadAll:	end readall product

22/05/2025 13:36:12	Dal.CustomerImplementation.ReadAll:	start readall customer

22/05/2025 13:36:12	Dal.CustomerImplementation.ReadAll:	end readall customer

22/05/2025 13:36:12	Dal.ProductImplemention.ReadAll:	start readall product

22/05/2025 13:36:12	Dal.ProductImplemention.ReadAll:	end readall product

22/05/2025 13:36:21	Dal.CustomerImplementation.ReadAll:	start readall customer

22/05/2025 13:36:21	Dal.CustomerImplementation.ReadAll:	end readall customer

22/05/2025 13:36:21	Dal.ProductImplemention.ReadAll:	start readall product

22/05/2025 13:36:21	Dal.ProductImplemention.ReadAll:	end readall product

22/05/2025 13:36:25	Dal.ProductImplemention.Read:	start read product

22/05/2025 13:36:25	Dal.ProductImplemention.Read:	end read product

22/05/2025 13:36:29	Dal.ProductImplemention.Read:	start read product

22/05/2025 13:36:29	Dal.ProductImplemention.Read:	end read product

22/05/2025 13:36:29	Dal.SaleImplemention.ReadAll:	start readAll sale

22/05/2025 13:36:29	Dal.SaleImplemention.ReadAll:	end readAll sale

22/05/2025 13:36:29	Dal.SaleImplemention.ReadAll:	start readAll sale

22/05/2025 13:36:29	Dal.SaleImplemention.ReadAll:	end readAll sale

22/05/2025 13:36:38	Dal.ProductImplemention.ReadAll:	start readall product

22/05/2025 13:36:38	Dal.ProductImplemention.ReadAll:	end readall product

22/05/2025 13:36:42	Dal.ProductImplemention.ReadAll:	start readall product

22/05/2025 13:36:42	Dal.ProductImplemention.ReadAll:	end readall product

22/05/2025 13:36:53	Dal.ProductImplemention.ReadAll:	start readall product

22/05/2025 13:36:53	Dal.ProductImplemention.ReadAll:	end readall product

22/05/2025 13:36:58	Dal.ProductImplemention.ReadAll:	start readall product

22/05/2025 13:36:58	Dal.ProductImplemention.ReadAll:	end readall product

22/05/2025 18:39:07	Dal.CustomerImplementation.ReadAll:	start readall customer

22/05/2025 18:39:07	Dal.CustomerImplementation.ReadAll:	end readall customer

22/05/2025 18:39:19	Dal.CustomerImplementation.ReadAll:	start readall customer

22/05/2025 18:39:19	Dal.CustomerImplementation.ReadAll:	end readall customer

22/05/2025 18:39:19	Dal.CustomerImplementation.Create:	start create customer

22/05/2025 18:39:19	Dal.CustomerImplementation.Create:	end create customer

22/05/2025 18:39:19	Dal.CustomerImplementation.ReadAll:	start readall customer

22/05/2025 18:39:19	Dal.CustomerImplementation.ReadAll:	end readall customer

22/05/2025 18:39:34	Dal.CustomerImplementation.Update:	start update customer

22/05/2025 18:40:09	Dal.CustomerImplementation.Update:	start update customer

22/05/2025 18:40:09	Dal.CustomerImplementation.Update:	end update customer

22/05/2025 18:40:09	Dal.CustomerImplementation.ReadAll:	start readall customer

22/05/2025 18:40:09	Dal.CustomerImplementation.ReadAll:	end readall customer

22/05/2025 18:43:27	Dal.CustomerImplementation.ReadAll:	start readall customer

22/05/2025 18:43:27	Dal.CustomerImplementation.ReadAll:	end readall customer

22/05/2025 18:43:46	Dal.CustomerImplementation.Update:	start update customer

22/05/2025 18:43:46	Dal.CustomerImplementation.Update:	end update customer

22/05/2025 18:43:46	Dal.CustomerImplementation.ReadAll:	start readall customer

22/05/2025 18:43:46	Dal.CustomerImplementation.ReadAll:	end readall customer

22/05/2025 18:43:56	Dal.CustomerImplementation.Update:	start update customer

22/05/2025 18:44:50	Dal.CustomerImplementation.ReadAll:	start readall customer

22/05/2025 18:44:50	Dal.CustomerImplementation.ReadAll:	end readall customer

22/05/2025 18:45:02	Dal.CustomerImplementation.Update:	start update customer

22/05/2025 18:49:15	Dal.CustomerImplementation.ReadAll:	start readall customer

22/05/2025 18:49:15	Dal.CustomerImplementation.ReadAll:	end readall customer

22/05/2025 18:49:26	Dal.CustomerImplementation.Update:	start update customer

22/05/2025 18:49:38	Dal.CustomerImplementation.Delete:	start delete customer

22/05/2025 18:49:39	Dal.CustomerImplementation.Delete:	end delete customer

22/05/2025 18:49:39	Dal.CustomerImplementation.ReadAll:	start readall customer

22/05/2025 18:49:39	Dal.CustomerImplementation.ReadAll:	end readall customer

22/05/2025 18:49:47	Dal.CustomerImplementation.Read:	start read customer

22/05/2025 18:49:47	Dal.CustomerImplementation.Read:	customer is not exists

22/05/2025 18:50:25	Dal.CustomerImplementation.Read:	start read customer

22/05/2025 18:51:01	Dal.CustomerImplementation.ReadAll:	start readall customer

22/05/2025 18:51:01	Dal.CustomerImplementation.ReadAll:	end readall customer

22/05/2025 18:51:06	Dal.CustomerImplementation.Read:	start read customer

22/05/2025 18:51:06	Dal.CustomerImplementation.Read:	end read customer

22/05/2025 18:51:12	Dal.SaleImplemention.ReadAll:	start readAll sale

22/05/2025 18:51:12	Dal.SaleImplemention.ReadAll:	end readAll sale

22/05/2025 18:51:21	Dal.SaleImplemention.Create:	start create sale

22/05/2025 18:51:21	Dal.SaleImplemention.Create:	end create sale

22/05/2025 18:51:21	Dal.SaleImplemention.ReadAll:	start readAll sale

22/05/2025 18:51:21	Dal.SaleImplemention.ReadAll:	end readAll sale

22/05/2025 18:51:37	Dal.SaleImplemention.Update:	start update sale

22/05/2025 18:51:37	Dal.SaleImplemention.Delete:	start delete sale

22/05/2025 18:51:37	Dal.SaleImplemention.Delete:	end delete sale

22/05/2025 18:51:37	Dal.SaleImplemention.Update:	end update sale

22/05/2025 18:51:37	Dal.SaleImplemention.ReadAll:	start readAll sale

22/05/2025 18:51:37	Dal.SaleImplemention.ReadAll:	end readAll sale

22/05/2025 18:51:52	Dal.SaleImplemention.Update:	start update sale

22/05/2025 18:51:52	Dal.SaleImplemention.Delete:	start delete sale

22/05/2025 18:51:52	Dal.SaleImplemention.Delete:	faild delete customer from xml

22/05/2025 19:12:57	Dal.CustomerImplementation.ReadAll:	start readall customer

22/05/2025 19:12:57	Dal.CustomerImplementation.ReadAll:	end readall customer

22/05/2025 19:13:11	Dal.CustomerImplementation.ReadAll:	start readall customer

22/05/2025 19:13:11	Dal.CustomerImplementation.ReadAll:	end readall customer

22/05/2025 19:13:11	Dal.CustomerImplementation.Create:	start create customer

22/05/2025 19:13:11	Dal.CustomerImplementation.Create:	end create customer

22/05/2025 19:13:11	Dal.CustomerImplementation.ReadAll:	start readall customer

22/05/2025 19:13:11	Dal.CustomerImplementation.ReadAll:	end readall customer

22/05/2025 19:13:27	Dal.CustomerImplementation.Update:	start update customer

22/05/2025 19:13:27	Dal.CustomerImplementation.Update:	end update customer

22/05/2025 19:13:27	Dal.CustomerImplementation.ReadAll:	start readall customer

22/05/2025 19:13:27	Dal.CustomerImplementation.ReadAll:	end readall customer

22/05/2025 19:13:41	Dal.CustomerImplementation.Update:	start update customer

22/05/2025 19:13:51	Dal.CustomerImplementation.Delete:	start delete customer

22/05/2025 19:13:51	Dal.CustomerImplementation.Delete:	customer is not exists

22/05/2025 19:14:00	Dal.CustomerImplementation.Delete:	start delete customer

22/05/2025 19:14:00	Dal.CustomerImplementation.Delete:	end delete customer

22/05/2025 19:14:00	Dal.CustomerImplementation.ReadAll:	start readall customer

22/05/2025 19:14:01	Dal.CustomerImplementation.ReadAll:	end readall customer

22/05/2025 19:14:20	Dal.CustomerImplementation.ReadAll:	start readall customer

22/05/2025 19:14:20	Dal.CustomerImplementation.ReadAll:	end readall customer

22/05/2025 19:14:20	Dal.CustomerImplementation.Create:	start create customer

22/05/2025 19:14:20	Dal.CustomerImplementation.Create:	end create customer

22/05/2025 19:14:20	Dal.CustomerImplementation.ReadAll:	start readall customer

22/05/2025 19:14:20	Dal.CustomerImplementation.ReadAll:	end readall customer

22/05/2025 19:14:24	Dal.CustomerImplementation.Read:	start read customer

22/05/2025 19:14:24	Dal.CustomerImplementation.Read:	end read customer

22/05/2025 19:14:29	Dal.CustomerImplementation.Read:	start read customer

22/05/2025 19:14:29	Dal.CustomerImplementation.Read:	customer is not exists

22/05/2025 19:14:36	Dal.CustomerImplementation.Delete:	start delete customer

22/05/2025 19:14:36	Dal.CustomerImplementation.Delete:	end delete customer

22/05/2025 19:14:36	Dal.CustomerImplementation.ReadAll:	start readall customer

22/05/2025 19:14:36	Dal.CustomerImplementation.ReadAll:	end readall customer

22/05/2025 19:15:22	Dal.CustomerImplementation.ReadAll:	start readall customer

22/05/2025 19:15:22	Dal.CustomerImplementation.ReadAll:	end readall customer

22/05/2025 19:15:22	Dal.ProductImplemention.ReadAll:	start readall product

22/05/2025 19:15:22	Dal.ProductImplemention.ReadAll:	end readall product

22/05/2025 19:15:26	Dal.CustomerImplementation.ReadAll:	start readall customer

22/05/2025 19:15:26	Dal.CustomerImplementation.ReadAll:	end readall customer

22/05/2025 19:15:41	Dal.CustomerImplementation.ReadAll:	start readall customer

22/05/2025 19:15:41	Dal.CustomerImplementation.ReadAll:	end readall customer

22/05/2025 19:15:41	Dal.CustomerImplementation.Create:	start create customer

22/05/2025 19:15:41	Dal.CustomerImplementation.Create:	end create customer

22/05/2025 19:15:41	Dal.CustomerImplementation.ReadAll:	start readall customer

22/05/2025 19:15:41	Dal.CustomerImplementation.ReadAll:	end readall customer

22/05/2025 19:15:48	Dal.CustomerImplementation.Delete:	start delete customer

22/05/2025 19:15:48	Dal.CustomerImplementation.Delete:	customer is not exists

22/05/2025 19:15:56	Dal.CustomerImplementation.Read:	start read customer

22/05/2025 19:15:56	Dal.CustomerImplementation.Read:	end read customer

22/05/2025 19:16:01	Dal.CustomerImplementation.Delete:	start delete customer

22/05/2025 19:16:01	Dal.CustomerImplementation.Delete:	end delete customer

22/05/2025 19:16:01	Dal.CustomerImplementation.ReadAll:	start readall customer

22/05/2025 19:16:01	Dal.CustomerImplementation.ReadAll:	end readall customer

22/05/2025 19:16:04	Dal.SaleImplemention.ReadAll:	start readAll sale

22/05/2025 19:16:04	Dal.SaleImplemention.ReadAll:	end readAll sale

22/05/2025 19:16:17	Dal.SaleImplemention.Create:	start create sale

22/05/2025 19:16:17	Dal.SaleImplemention.Create:	end create sale

22/05/2025 19:16:17	Dal.SaleImplemention.ReadAll:	start readAll sale

22/05/2025 19:16:17	Dal.SaleImplemention.ReadAll:	end readAll sale

22/05/2025 19:16:25	Dal.SaleImplemention.ReadAll:	start readAll sale

22/05/2025 19:16:25	Dal.SaleImplemention.ReadAll:	end readAll sale

22/05/2025 19:16:33	Dal.SaleImplemention.ReadAll:	start readAll sale

22/05/2025 19:16:33	Dal.SaleImplemention.ReadAll:	end readAll sale

22/05/2025 19:16:35	Dal.SaleImplemention.ReadAll:	start readAll sale

22/05/2025 19:16:35	Dal.SaleImplemention.ReadAll:	end readAll sale

22/05/2025 19:17:05	Dal.SaleImplemention.Update:	start update sale

22/05/2025 19:17:05	Dal.SaleImplemention.Delete:	start delete sale

22/05/2025 19:17:05	Dal.SaleImplemention.Delete:	end delete sale

22/05/2025 19:17:05	Dal.SaleImplemention.Update:	end update sale

22/05/2025 19:17:05	Dal.SaleImplemention.ReadAll:	start readAll sale

22/05/2025 19:17:05	Dal.SaleImplemention.ReadAll:	end readAll sale

22/05/2025 19:17:29	Dal.SaleImplemention.Read:	start read sale

22/05/2025 19:17:29	Dal.SaleImplemention.Read:	end read sale

22/05/2025 19:17:36	Dal.SaleImplemention.Delete:	start delete sale

22/05/2025 19:17:36	Dal.SaleImplemention.Delete:	end delete sale

22/05/2025 19:17:36	Dal.SaleImplemention.ReadAll:	start readAll sale

22/05/2025 19:17:36	Dal.SaleImplemention.ReadAll:	end readAll sale

22/05/2025 19:17:42	Dal.ProductImplemention.ReadAll:	start readall product

22/05/2025 19:17:42	Dal.ProductImplemention.ReadAll:	end readall product

22/05/2025 19:18:05	Dal.ProductImplemention.Create:	start create product

22/05/2025 19:18:05	Dal.ProductImplemention.Create:	end create product

22/05/2025 19:18:05	Dal.ProductImplemention.ReadAll:	start readall product

22/05/2025 19:18:05	Dal.ProductImplemention.ReadAll:	end readall product

22/05/2025 19:18:43	Dal.ProductImplemention.Update:	start update product

22/05/2025 19:18:43	Dal.ProductImplemention.Update:	end update product

22/05/2025 19:18:43	Dal.ProductImplemention.ReadAll:	start readall product

22/05/2025 19:18:43	Dal.ProductImplemention.ReadAll:	end readall product

22/05/2025 19:19:01	Dal.ProductImplemention.Update:	start update product

22/05/2025 19:19:01	Dal.ProductImplemention.Update:	product is no fuond

22/05/2025 19:19:17	Dal.ProductImplemention.Read:	start read product

22/05/2025 19:19:17	Dal.ProductImplemention.Read:	end read product

22/05/2025 19:19:26	Dal.ProductImplemention.Delete:	start delete product

22/05/2025 19:19:26	Dal.ProductImplemention.Read:	start read product

22/05/2025 19:19:26	Dal.ProductImplemention.Read:	end read product

22/05/2025 19:19:26	Dal.ProductImplemention.Delete:	start delete product

22/05/2025 19:19:26	Dal.ProductImplemention.ReadAll:	start readall product

22/05/2025 19:19:26	Dal.ProductImplemention.ReadAll:	end readall product

22/05/2025 19:19:30	Dal.ProductImplemention.Delete:	start delete product

22/05/2025 19:19:30	Dal.ProductImplemention.Read:	start read product

22/05/2025 19:19:30	Dal.ProductImplemention.Read:	barcode is not found

22/05/2025 19:19:42	Dal.ProductImplemention.Read:	start read product

22/05/2025 19:19:42	Dal.ProductImplemention.Read:	barcode is not found

22/05/2025 19:20:32	Dal.ProductImplemention.ReadAll:	start readall product

22/05/2025 19:20:32	Dal.ProductImplemention.ReadAll:	end readall product

22/05/2025 19:20:43	Dal.ProductImplemention.Read:	start read product

22/05/2025 19:20:43	Dal.ProductImplemention.Read:	end read product

22/05/2025 19:20:52	Dal.ProductImplemention.Delete:	start delete product

22/05/2025 19:20:52	Dal.ProductImplemention.Read:	start read product

22/05/2025 19:20:52	Dal.ProductImplemention.Read:	end read product

22/05/2025 19:20:52	Dal.ProductImplemention.Delete:	start delete product

22/05/2025 19:20:52	Dal.ProductImplemention.ReadAll:	start readall product

22/05/2025 19:20:52	Dal.ProductImplemention.ReadAll:	end readall product

22/05/2025 19:21:03	Dal.ProductImplemention.ReadAll:	start readall product

22/05/2025 19:21:03	Dal.ProductImplemention.ReadAll:	end readall product

22/05/2025 19:21:23	Dal.ProductImplemention.Create:	start create product

22/05/2025 19:21:23	Dal.ProductImplemention.Create:	end create product

22/05/2025 19:21:23	Dal.ProductImplemention.ReadAll:	start readall product

22/05/2025 19:21:23	Dal.ProductImplemention.ReadAll:	end readall product

22/05/2025 19:21:29	Dal.ProductImplemention.ReadAll:	start readall product

22/05/2025 19:21:29	Dal.ProductImplemention.ReadAll:	end readall product

22/05/2025 19:21:43	Dal.ProductImplemention.Update:	start update product

22/05/2025 19:21:43	Dal.ProductImplemention.Update:	end update product

22/05/2025 19:21:43	Dal.ProductImplemention.ReadAll:	start readall product

22/05/2025 19:21:43	Dal.ProductImplemention.ReadAll:	end readall product

22/05/2025 20:00:02	Dal.CustomerImplementation.ReadAll:	start readall customer

22/05/2025 20:00:02	Dal.CustomerImplementation.ReadAll:	end readall customer

22/05/2025 20:00:02	Dal.ProductImplemention.ReadAll:	start readall product

22/05/2025 20:00:02	Dal.ProductImplemention.ReadAll:	end readall product

22/05/2025 20:00:10	Dal.ProductImplemention.Read:	start read product

22/05/2025 20:00:10	Dal.ProductImplemention.Read:	end read product

22/05/2025 20:00:14	Dal.ProductImplemention.Read:	start read product

22/05/2025 20:00:14	Dal.ProductImplemention.Read:	end read product

22/05/2025 20:02:18	Dal.CustomerImplementation.ReadAll:	start readall customer

22/05/2025 20:02:18	Dal.CustomerImplementation.ReadAll:	end readall customer

22/05/2025 20:02:18	Dal.ProductImplemention.ReadAll:	start readall product

22/05/2025 20:02:18	Dal.ProductImplemention.ReadAll:	end readall product

22/05/2025 20:03:56	Dal.ProductImplemention.Read:	start read product

22/05/2025 20:04:16	Dal.ProductImplemention.Read:	end read product

22/05/2025 20:06:49	Dal.ProductImplemention.Read:	start read product

22/05/2025 20:06:49	Dal.ProductImplemention.Read:	end read product

22/05/2025 20:06:49	Dal.SaleImplemention.ReadAll:	start readAll sale

22/05/2025 20:06:50	Dal.SaleImplemention.ReadAll:	end readAll sale

22/05/2025 20:06:50	Dal.SaleImplemention.ReadAll:	start readAll sale

22/05/2025 20:06:50	Dal.SaleImplemention.ReadAll:	end readAll sale

22/05/2025 20:11:02	Dal.CustomerImplementation.ReadAll:	start readall customer

22/05/2025 20:11:02	Dal.CustomerImplementation.ReadAll:	end readall customer

22/05/2025 20:11:02	Dal.ProductImplemention.ReadAll:	start readall product

22/05/2025 20:11:02	Dal.ProductImplemention.ReadAll:	end readall product

22/05/2025 20:11:08	Dal.ProductImplemention.Read:	start read product

22/05/2025 20:11:08	Dal.ProductImplemention.Read:	end read product

22/05/2025 20:11:11	Dal.ProductImplemention.Read:	start read product

22/05/2025 20:11:11	Dal.ProductImplemention.Read:	end read product

22/05/2025 20:11:11	Dal.SaleImplemention.ReadAll:	start readAll sale

22/05/2025 20:11:11	Dal.SaleImplemention.ReadAll:	end readAll sale

22/05/2025 20:11:11	Dal.SaleImplemention.ReadAll:	start readAll sale

22/05/2025 20:11:11	Dal.SaleImplemention.ReadAll:	end readAll sale

22/05/2025 20:15:44	Dal.CustomerImplementation.ReadAll:	start readall customer

22/05/2025 20:15:44	Dal.CustomerImplementation.ReadAll:	end readall customer

22/05/2025 20:15:44	Dal.ProductImplemention.ReadAll:	start readall product

22/05/2025 20:15:44	Dal.ProductImplemention.ReadAll:	end readall product

22/05/2025 20:15:47	Dal.ProductImplemention.Read:	start read product

22/05/2025 20:15:47	Dal.ProductImplemention.Read:	end read product

22/05/2025 20:15:55	Dal.ProductImplemention.Read:	start read product

22/05/2025 20:15:55	Dal.ProductImplemention.Read:	end read product

22/05/2025 20:19:12	Dal.CustomerImplementation.ReadAll:	start readall customer

22/05/2025 20:19:12	Dal.CustomerImplementation.ReadAll:	end readall customer

22/05/2025 20:19:12	Dal.ProductImplemention.ReadAll:	start readall product

22/05/2025 20:19:12	Dal.ProductImplemention.ReadAll:	end readall product

22/05/2025 20:19:17	Dal.ProductImplemention.Read:	start read product

22/05/2025 20:19:17	Dal.ProductImplemention.Read:	end read product

22/05/2025 20:19:23	Dal.ProductImplemention.Read:	start read product

22/05/2025 20:19:23	Dal.ProductImplemention.Read:	end read product

22/05/2025 20:19:23	Dal.SaleImplemention.ReadAll:	start readAll sale

22/05/2025 20:19:23	Dal.SaleImplemention.ReadAll:	end readAll sale

22/05/2025 20:19:23	Dal.SaleImplemention.ReadAll:	start readAll sale

22/05/2025 20:19:23	Dal.SaleImplemention.ReadAll:	end readAll sale

22/05/2025 20:19:51	Dal.CustomerImplementation.ReadAll:	start readall customer

22/05/2025 20:19:51	Dal.CustomerImplementation.ReadAll:	end readall customer

22/05/2025 20:19:51	Dal.ProductImplemention.ReadAll:	start readall product

22/05/2025 20:19:52	Dal.ProductImplemention.ReadAll:	end readall product

22/05/2025 20:19:53	Dal.ProductImplemention.Read:	start read product

22/05/2025 20:19:53	Dal.ProductImplemention.Read:	end read product

22/05/2025 20:41:03	Dal.CustomerImplementation.ReadAll:	start readall customer

22/05/2025 20:41:03	Dal.CustomerImplementation.ReadAll:	end readall customer

22/05/2025 20:41:03	Dal.ProductImplemention.ReadAll:	start readall product

22/05/2025 20:41:03	Dal.ProductImplemention.ReadAll:	end readall product

22/05/2025 20:42:20	Dal.CustomerImplementation.ReadAll:	start readall customer

22/05/2025 20:42:20	Dal.CustomerImplementation.ReadAll:	end readall customer

22/05/2025 20:42:20	Dal.ProductImplemention.ReadAll:	start readall product

22/05/2025 20:42:20	Dal.ProductImplemention.ReadAll:	end readall product

22/05/2025 20:42:47	Dal.CustomerImplementation.ReadAll:	start readall customer

22/05/2025 20:42:47	Dal.CustomerImplementation.ReadAll:	end readall customer

22/05/2025 20:42:47	Dal.ProductImplemention.ReadAll:	start readall product

22/05/2025 20:42:47	Dal.ProductImplemention.ReadAll:	end readall product

22/05/2025 20:43:20	Dal.CustomerImplementation.ReadAll:	start readall customer

22/05/2025 20:43:20	Dal.CustomerImplementation.ReadAll:	end readall customer

22/05/2025 20:43:20	Dal.CustomerImplementation.Read:	start read customer

22/05/2025 20:43:20	Dal.CustomerImplementation.Read:	end read customer

22/05/2025 20:43:20	Dal.ProductImplemention.ReadAll:	start readall product

22/05/2025 20:43:20	Dal.ProductImplemention.ReadAll:	end readall product

22/05/2025 20:44:55	Dal.CustomerImplementation.ReadAll:	start readall customer

22/05/2025 20:44:55	Dal.CustomerImplementation.ReadAll:	end readall customer

22/05/2025 20:45:18	Dal.CustomerImplementation.ReadAll:	start readall customer

22/05/2025 20:45:18	Dal.CustomerImplementation.ReadAll:	end readall customer

22/05/2025 20:50:07	Dal.CustomerImplementation.ReadAll:	start readall customer

22/05/2025 20:50:07	Dal.CustomerImplementation.ReadAll:	end readall customer

22/05/2025 20:50:07	Dal.ProductImplemention.ReadAll:	start readall product

22/05/2025 20:50:07	Dal.ProductImplemention.ReadAll:	end readall product

22/05/2025 20:50:09	Dal.ProductImplemention.Read:	start read product

22/05/2025 20:50:09	Dal.ProductImplemention.Read:	end read product

22/05/2025 20:50:16	Dal.ProductImplemention.Read:	start read product

22/05/2025 20:50:16	Dal.ProductImplemention.Read:	end read product

22/05/2025 20:50:20	Dal.ProductImplemention.Read:	start read product

22/05/2025 20:50:20	Dal.ProductImplemention.Read:	end read product

22/05/2025 20:50:24	Dal.ProductImplemention.Read:	start read product

22/05/2025 20:50:24	Dal.ProductImplemention.Read:	end read product

22/05/2025 20:50:25	Dal.SaleImplemention.ReadAll:	start readAll sale

22/05/2025 20:50:25	Dal.SaleImplemention.ReadAll:	end readAll sale

22/05/2025 20:50:25	Dal.SaleImplemention.ReadAll:	start readAll sale

22/05/2025 20:50:25	Dal.SaleImplemention.ReadAll:	end readAll sale

22/05/2025 20:50:33	Dal.ProductImplemention.Read:	start read product

22/05/2025 20:50:33	Dal.ProductImplemention.Read:	end read product

22/05/2025 20:50:37	Dal.ProductImplemention.Read:	start read product

22/05/2025 20:50:37	Dal.ProductImplemention.Read:	end read product

22/05/2025 20:50:37	Dal.SaleImplemention.ReadAll:	start readAll sale

22/05/2025 20:50:37	Dal.SaleImplemention.ReadAll:	end readAll sale

22/05/2025 20:50:37	Dal.SaleImplemention.ReadAll:	start readAll sale

22/05/2025 20:50:37	Dal.SaleImplemention.ReadAll:	end readAll sale

22/05/2025 21:00:59	Dal.CustomerImplementation.ReadAll:	start readall customer

22/05/2025 21:00:59	Dal.CustomerImplementation.ReadAll:	end readall customer

22/05/2025 21:00:59	Dal.ProductImplemention.ReadAll:	start readall product

22/05/2025 21:00:59	Dal.ProductImplemention.ReadAll:	end readall product

22/05/2025 21:01:01	Dal.ProductImplemention.Read:	start read product

22/05/2025 21:01:01	Dal.ProductImplemention.Read:	end read product

22/05/2025 21:01:10	Dal.ProductImplemention.ReadAll:	start readall product

22/05/2025 21:01:10	Dal.ProductImplemention.ReadAll:	end readall product

22/05/2025 21:01:17	Dal.ProductImplemention.ReadAll:	start readall product

22/05/2025 21:01:17	Dal.ProductImplemention.ReadAll:	end readall product

22/05/2025 21:01:28	Dal.ProductImplemention.ReadAll:	start readall product

22/05/2025 21:01:28	Dal.ProductImplemention.ReadAll:	end readall product

22/05/2025 21:01:43	Dal.ProductImplemention.ReadAll:	start readall product

22/05/2025 21:01:43	Dal.ProductImplemention.ReadAll:	end readall product

22/05/2025 21:02:00	Dal.ProductImplemention.Update:	start update product

22/05/2025 21:02:00	Dal.ProductImplemention.Update:	end update product

22/05/2025 21:02:00	Dal.ProductImplemention.ReadAll:	start readall product

22/05/2025 21:03:24	Dal.ProductImplemention.ReadAll:	start readall product

22/05/2025 21:04:11	Dal.ProductImplemention.ReadAll:	start readall product

22/05/2025 21:05:22	Dal.ProductImplemention.ReadAll:	start readall product

22/05/2025 21:05:52	Dal.ProductImplemention.ReadAll:	start readall product

22/05/2025 21:06:22	Dal.ProductImplemention.ReadAll:	start readall product

22/05/2025 21:06:23	Dal.ProductImplemention.ReadAll:	end readall product

22/05/2025 21:07:13	Dal.ProductImplemention.ReadAll:	start readall product

22/05/2025 21:07:13	Dal.ProductImplemention.ReadAll:	end readall product

22/05/2025 21:08:38	Dal.ProductImplemention.Update:	start update product

22/05/2025 21:09:45	Dal.ProductImplemention.Update:	end update product

22/05/2025 21:09:54	Dal.ProductImplemention.ReadAll:	start readall product

22/05/2025 21:09:54	Dal.ProductImplemention.ReadAll:	end readall product

22/05/2025 21:17:55	Dal.CustomerImplementation.ReadAll:	start readall customer

22/05/2025 21:17:55	Dal.CustomerImplementation.ReadAll:	end readall customer

22/05/2025 21:17:55	Dal.ProductImplemention.ReadAll:	start readall product

22/05/2025 21:17:55	Dal.ProductImplemention.ReadAll:	end readall product

22/05/2025 21:24:48	Dal.CustomerImplementation.ReadAll:	start readall customer

22/05/2025 21:24:48	Dal.CustomerImplementation.ReadAll:	end readall customer

22/05/2025 21:24:48	Dal.ProductImplemention.ReadAll:	start readall product

22/05/2025 21:24:48	Dal.ProductImplemention.ReadAll:	end readall product

22/05/2025 21:27:16	Dal.CustomerImplementation.ReadAll:	start readall customer

22/05/2025 21:27:16	Dal.CustomerImplementation.ReadAll:	end readall customer

22/05/2025 21:27:16	Dal.ProductImplemention.ReadAll:	start readall product

22/05/2025 21:27:16	Dal.ProductImplemention.ReadAll:	end readall product

