18/03/2025 18:57:21	Dal.ProductImplementation.Create:	start create product

18/03/2025 18:57:21	Dal.ProductImplementation.Create:	end create product

18/03/2025 18:57:21	Dal.ProductImplementation.Create:	start create product

18/03/2025 18:57:21	Dal.ProductImplementation.Create:	end create product

18/03/2025 18:57:21	Dal.ProductImplementation.Create:	start create product

18/03/2025 18:57:21	Dal.ProductImplementation.Create:	end create product

18/03/2025 18:57:21	Dal.ProductImplementation.Create:	start create product

18/03/2025 18:57:21	Dal.ProductImplementation.Create:	end create product

18/03/2025 18:57:21	Dal.ProductImplementation.Create:	start create product

18/03/2025 18:57:21	Dal.ProductImplementation.Create:	end create product

18/03/2025 18:57:21	Dal.ProductImplementation.Create:	start create product

18/03/2025 18:57:21	Dal.ProductImplementation.Create:	end create product

18/03/2025 18:57:21	Dal.ProductImplementation.Create:	start create product

18/03/2025 18:57:21	Dal.ProductImplementation.Create:	end create product

18/03/2025 18:57:21	Dal.ProductImplementation.Create:	start create product

18/03/2025 18:57:21	Dal.ProductImplementation.Create:	end create product

18/03/2025 18:57:21	Dal.ProductImplementation.Create:	start create product

18/03/2025 18:57:21	Dal.ProductImplementation.Create:	end create product

18/03/2025 18:57:21	Dal.ProductImplementation.Create:	start create product

18/03/2025 18:57:21	Dal.ProductImplementation.Create:	end create product

18/03/2025 18:57:21	Dal.ProductImplementation.Create:	start create product

18/03/2025 18:57:21	Dal.ProductImplementation.Create:	end create product

18/03/2025 18:57:21	Dal.ProductImplementation.Create:	start create product

18/03/2025 18:57:21	Dal.ProductImplementation.Create:	end create product

18/03/2025 18:57:21	Dal.CustomerImplementation.Create:	start create customer

18/03/2025 18:57:21	Dal.CustomerImplementation.Create:	end create customer

18/03/2025 18:57:21	Dal.CustomerImplementation.Create:	start create customer

18/03/2025 18:57:21	Dal.CustomerImplementation.Create:	end create customer

18/03/2025 18:57:21	Dal.CustomerImplementation.Create:	start create customer

18/03/2025 18:57:21	Dal.CustomerImplementation.Create:	end create customer

18/03/2025 18:57:21	Dal.SaleImplementation.Create:	start create sale

18/03/2025 18:57:21	Dal.SaleImplementation.Create:	end create sale

18/03/2025 18:57:21	Dal.SaleImplementation.Create:	start create sale

18/03/2025 18:57:21	Dal.SaleImplementation.Create:	end create sale

18/03/2025 18:57:21	Dal.SaleImplementation.Create:	start create sale

18/03/2025 18:57:21	Dal.SaleImplementation.Create:	end create sale

18/03/2025 18:57:31	Dal.ProductImplementation.Read:	start read product

18/03/2025 18:57:31	Dal.ProductImplementation.Read:	end read product

18/03/2025 18:57:31	Dal.SaleImplementation.ReadAll:	end raedall sale

18/03/2025 18:57:31	Dal.SaleImplementation.ReadAll:	end raedall sale

18/03/2025 20:29:34	Dal.ProductImplementation.Create:	start create product

18/03/2025 20:29:34	Dal.ProductImplementation.Create:	end create product

18/03/2025 20:29:34	Dal.ProductImplementation.Create:	start create product

18/03/2025 20:29:34	Dal.ProductImplementation.Create:	end create product

18/03/2025 20:29:34	Dal.ProductImplementation.Create:	start create product

18/03/2025 20:29:34	Dal.ProductImplementation.Create:	end create product

18/03/2025 20:29:34	Dal.ProductImplementation.Create:	start create product

18/03/2025 20:29:34	Dal.ProductImplementation.Create:	end create product

18/03/2025 20:29:34	Dal.ProductImplementation.Create:	start create product

18/03/2025 20:29:34	Dal.ProductImplementation.Create:	end create product

18/03/2025 20:29:34	Dal.ProductImplementation.Create:	start create product

18/03/2025 20:29:34	Dal.ProductImplementation.Create:	end create product

18/03/2025 20:29:34	Dal.ProductImplementation.Create:	start create product

18/03/2025 20:29:34	Dal.ProductImplementation.Create:	end create product

18/03/2025 20:29:34	Dal.ProductImplementation.Create:	start create product

18/03/2025 20:29:34	Dal.ProductImplementation.Create:	end create product

18/03/2025 20:29:34	Dal.ProductImplementation.Create:	start create product

18/03/2025 20:29:34	Dal.ProductImplementation.Create:	end create product

18/03/2025 20:29:34	Dal.ProductImplementation.Create:	start create product

18/03/2025 20:29:34	Dal.ProductImplementation.Create:	end create product

18/03/2025 20:29:34	Dal.ProductImplementation.Create:	start create product

18/03/2025 20:29:34	Dal.ProductImplementation.Create:	end create product

18/03/2025 20:29:34	Dal.ProductImplementation.Create:	start create product

18/03/2025 20:29:34	Dal.ProductImplementation.Create:	end create product

18/03/2025 20:29:34	Dal.CustomerImplementation.Create:	start create customer

18/03/2025 20:29:34	Dal.CustomerImplementation.Create:	end create customer

18/03/2025 20:29:34	Dal.CustomerImplementation.Create:	start create customer

18/03/2025 20:29:34	Dal.CustomerImplementation.Create:	end create customer

18/03/2025 20:29:34	Dal.CustomerImplementation.Create:	start create customer

18/03/2025 20:29:34	Dal.CustomerImplementation.Create:	end create customer

18/03/2025 20:29:34	Dal.SaleImplementation.Create:	start create sale

18/03/2025 20:29:34	Dal.SaleImplementation.Create:	end create sale

18/03/2025 20:29:34	Dal.SaleImplementation.Create:	start create sale

18/03/2025 20:29:34	Dal.SaleImplementation.Create:	end create sale

18/03/2025 20:29:34	Dal.SaleImplementation.Create:	start create sale

18/03/2025 20:29:34	Dal.SaleImplementation.Create:	end create sale

18/03/2025 20:29:38	Dal.ProductImplementation.Read:	start read product

18/03/2025 20:29:38	Dal.ProductImplementation.Read:	end read product

18/03/2025 20:29:38	Dal.SaleImplementation.ReadAll:	end raedall sale

18/03/2025 20:29:38	Dal.SaleImplementation.ReadAll:	end raedall sale

